  [1m[36m (40.1ms)[0m  [1mCREATE TABLE "schema_migrations" ("version" character varying(255) NOT NULL) [0m
  [1m[35m (5.6ms)[0m  CREATE UNIQUE INDEX  "unique_schema_migrations" ON "schema_migrations"  ("version")
  [1m[36mActiveRecord::SchemaMigration Load (0.8ms)[0m  [1mSELECT "schema_migrations".* FROM "schema_migrations"[0m
Migrating to DeviseCreateAdminUsers (20140910165534)
  [1m[35m (0.2ms)[0m  BEGIN
  [1m[36m (40.3ms)[0m  [1mCREATE TABLE "admin_users" ("id" serial primary key, "email" character varying(255) DEFAULT '' NOT NULL, "encrypted_password" character varying(255) DEFAULT '' NOT NULL, "reset_password_token" character varying(255), "reset_password_sent_at" timestamp, "remember_created_at" timestamp, "sign_in_count" integer DEFAULT 0 NOT NULL, "current_sign_in_at" timestamp, "last_sign_in_at" timestamp, "current_sign_in_ip" inet, "last_sign_in_ip" inet, "created_at" timestamp, "updated_at" timestamp) [0m
  [1m[35m (1.5ms)[0m  CREATE UNIQUE INDEX  "index_admin_users_on_email" ON "admin_users"  ("email")
  [1m[36m (1.5ms)[0m  [1mCREATE UNIQUE INDEX  "index_admin_users_on_reset_password_token" ON "admin_users"  ("reset_password_token")[0m
  [1m[35mAdminUser Exists (25.1ms)[0m  SELECT  1 AS one FROM "admin_users"  WHERE "admin_users"."email" = 'admin@example.com' LIMIT 1
  [1m[36mSQL (18.2ms)[0m  [1mINSERT INTO "admin_users" ("created_at", "email", "encrypted_password", "updated_at") VALUES ($1, $2, $3, $4) RETURNING "id"[0m  [["created_at", "2014-09-10 16:56:09.181710"], ["email", "admin@example.com"], ["encrypted_password", "$2a$10$ctytWrlCXKfvqpkSIHp1xe95wrntZUWWuPfa/qHKmVNRE28R7mXXG"], ["updated_at", "2014-09-10 16:56:09.181710"]]
  [1m[35mSQL (0.5ms)[0m  INSERT INTO "schema_migrations" ("version") VALUES ($1)  [["version", "20140910165534"]]
  [1m[36m (0.7ms)[0m  [1mCOMMIT[0m
Migrating to CreateActiveAdminComments (20140910165540)
  [1m[35m (0.3ms)[0m  BEGIN
  [1m[36m (3.7ms)[0m  [1mCREATE TABLE "active_admin_comments" ("id" serial primary key, "namespace" character varying(255), "body" text, "resource_id" character varying(255) NOT NULL, "resource_type" character varying(255) NOT NULL, "author_id" integer, "author_type" character varying(255), "created_at" timestamp, "updated_at" timestamp) [0m
  [1m[35m (1.1ms)[0m  CREATE  INDEX  "index_active_admin_comments_on_namespace" ON "active_admin_comments"  ("namespace")
  [1m[36m (1.1ms)[0m  [1mCREATE  INDEX  "index_active_admin_comments_on_author_type_and_author_id" ON "active_admin_comments"  ("author_type", "author_id")[0m
  [1m[35m (1.2ms)[0m  CREATE  INDEX  "index_active_admin_comments_on_resource_type_and_resource_id" ON "active_admin_comments"  ("resource_type", "resource_id")
  [1m[36mSQL (1.1ms)[0m  [1mINSERT INTO "schema_migrations" ("version") VALUES ($1)[0m  [["version", "20140910165540"]]
  [1m[35m (0.8ms)[0m  COMMIT
  [1m[36mActiveRecord::SchemaMigration Load (0.3ms)[0m  [1mSELECT "schema_migrations".* FROM "schema_migrations"[0m


Started GET "/" for 127.0.0.1 at 2014-09-10 12:56:55 -0400
  [1m[36mActiveRecord::SchemaMigration Load (0.6ms)[0m  [1mSELECT "schema_migrations".* FROM "schema_migrations"[0m
Processing by Rails::WelcomeController#index as HTML
  Rendered /Users/vorDd/.rvm/gems/ruby-2.1.2@blog-api/gems/railties-4.1.5/lib/rails/templates/rails/welcome/index.html.erb (3.1ms)
Completed 200 OK in 16ms (Views: 15.3ms | ActiveRecord: 0.0ms)


Started GET "/admin" for 127.0.0.1 at 2014-09-10 12:57:03 -0400
Processing by Admin::DashboardController#index as HTML
Completed 401 Unauthorized in 21ms


Started GET "/admin/login" for 127.0.0.1 at 2014-09-10 12:57:03 -0400
Processing by ActiveAdmin::Devise::SessionsController#new as HTML
  Rendered /Users/vorDd/.rvm/gems/ruby-2.1.2@blog-api/bundler/gems/activeadmin-6472173b2262/app/views/active_admin/devise/shared/_links.erb (2.4ms)
  Rendered /Users/vorDd/.rvm/gems/ruby-2.1.2@blog-api/bundler/gems/activeadmin-6472173b2262/app/views/active_admin/devise/sessions/new.html.erb within layouts/active_admin_logged_out (89.3ms)
Completed 200 OK in 6173ms (Views: 6149.2ms | ActiveRecord: 2.3ms)


Started POST "/admin/login" for 127.0.0.1 at 2014-09-10 12:57:21 -0400
Processing by ActiveAdmin::Devise::SessionsController#create as HTML
  Parameters: {"utf8"=>"✓", "authenticity_token"=>"VDONBwuO6jL7BmiscDDhhRgmI6OAZ+7A4ibhPcD4Pfo=", "admin_user"=>{"email"=>"admin@example", "password"=>"[FILTERED]", "remember_me"=>"0"}, "commit"=>"Login"}
  [1m[35mAdminUser Load (2.2ms)[0m  SELECT  "admin_users".* FROM "admin_users"  WHERE "admin_users"."email" = 'admin@example'  ORDER BY "admin_users"."id" ASC LIMIT 1
Completed 401 Unauthorized in 18ms
Processing by ActiveAdmin::Devise::SessionsController#new as HTML
  Parameters: {"utf8"=>"✓", "authenticity_token"=>"VDONBwuO6jL7BmiscDDhhRgmI6OAZ+7A4ibhPcD4Pfo=", "admin_user"=>{"email"=>"admin@example", "password"=>"[FILTERED]", "remember_me"=>"0"}, "commit"=>"Login"}
  Rendered /Users/vorDd/.rvm/gems/ruby-2.1.2@blog-api/bundler/gems/activeadmin-6472173b2262/app/views/active_admin/devise/shared/_links.erb (0.6ms)
  Rendered /Users/vorDd/.rvm/gems/ruby-2.1.2@blog-api/bundler/gems/activeadmin-6472173b2262/app/views/active_admin/devise/sessions/new.html.erb within layouts/active_admin_logged_out (36.2ms)
Completed 200 OK in 554ms (Views: 466.7ms | ActiveRecord: 0.0ms)


Started POST "/admin/login" for 127.0.0.1 at 2014-09-10 12:57:28 -0400
Processing by ActiveAdmin::Devise::SessionsController#create as HTML
  Parameters: {"utf8"=>"✓", "authenticity_token"=>"VDONBwuO6jL7BmiscDDhhRgmI6OAZ+7A4ibhPcD4Pfo=", "admin_user"=>{"email"=>"admin@example.com", "password"=>"[FILTERED]", "remember_me"=>"0"}, "commit"=>"Login"}
  [1m[36mAdminUser Load (0.6ms)[0m  [1mSELECT  "admin_users".* FROM "admin_users"  WHERE "admin_users"."email" = 'admin@example.com'  ORDER BY "admin_users"."id" ASC LIMIT 1[0m
  [1m[35m (0.2ms)[0m  BEGIN
  [1m[36mSQL (12.1ms)[0m  [1mUPDATE "admin_users" SET "current_sign_in_at" = $1, "current_sign_in_ip" = $2, "last_sign_in_at" = $3, "last_sign_in_ip" = $4, "sign_in_count" = $5, "updated_at" = $6 WHERE "admin_users"."id" = 1[0m  [["current_sign_in_at", "2014-09-10 16:57:29.084711"], ["current_sign_in_ip", "127.0.0.1/32"], ["last_sign_in_at", "2014-09-10 16:57:29.084711"], ["last_sign_in_ip", "127.0.0.1/32"], ["sign_in_count", 1], ["updated_at", "2014-09-10 16:57:29.089322"]]
  [1m[35m (5.9ms)[0m  COMMIT
Redirected to http://localhost:3000/admin
Completed 302 Found in 150ms (ActiveRecord: 19.1ms)


Started GET "/admin" for 127.0.0.1 at 2014-09-10 12:57:29 -0400
Processing by Admin::DashboardController#index as HTML
  [1m[36mAdminUser Load (0.5ms)[0m  [1mSELECT  "admin_users".* FROM "admin_users"  WHERE "admin_users"."id" = 1  ORDER BY "admin_users"."id" ASC LIMIT 1[0m
  Rendered /Users/vorDd/.rvm/gems/ruby-2.1.2@blog-api/bundler/gems/activeadmin-6472173b2262/app/views/active_admin/page/index.html.arb (220.0ms)
Completed 200 OK in 231ms (Views: 223.4ms | ActiveRecord: 0.5ms)
  [1m[36mActiveRecord::SchemaMigration Load (6.9ms)[0m  [1mSELECT "schema_migrations".* FROM "schema_migrations"[0m
Migrating to DeviseCreateUsers (20140910170707)
  [1m[35m (6.2ms)[0m  BEGIN
  [1m[36m (5.9ms)[0m  [1mROLLBACK[0m
  [1m[36mActiveRecord::SchemaMigration Load (0.6ms)[0m  [1mSELECT "schema_migrations".* FROM "schema_migrations"[0m
Migrating to DeviseCreateUsers (20140910172657)
  [1m[35m (0.2ms)[0m  BEGIN
  [1m[36m (44.5ms)[0m  [1mCREATE TABLE "users" ("id" serial primary key, "email" character varying(255), "encrypted_password" character varying(255) DEFAULT '' NOT NULL, "reset_password_token" character varying(255), "reset_password_sent_at" timestamp, "remember_created_at" timestamp, "sign_in_count" integer DEFAULT 0 NOT NULL, "current_sign_in_at" timestamp, "last_sign_in_at" timestamp, "current_sign_in_ip" inet, "last_sign_in_ip" inet, "first_name" character varying(255), "last_name" character varying(255), "created_at" timestamp, "updated_at" timestamp) [0m
  [1m[35m (5.1ms)[0m  CREATE UNIQUE INDEX  "index_users_on_email" ON "users"  ("email")
  [1m[36m (1.2ms)[0m  [1mCREATE UNIQUE INDEX  "index_users_on_reset_password_token" ON "users"  ("reset_password_token")[0m
  [1m[35mSQL (5.9ms)[0m  INSERT INTO "schema_migrations" ("version") VALUES ($1)  [["version", "20140910172657"]]
  [1m[36m (171.2ms)[0m  [1mCOMMIT[0m
  [1m[35mActiveRecord::SchemaMigration Load (0.3ms)[0m  SELECT "schema_migrations".* FROM "schema_migrations"


Started GET "/admin/users" for 127.0.0.1 at 2014-09-10 13:29:03 -0400
  [1m[36mActiveRecord::SchemaMigration Load (0.7ms)[0m  [1mSELECT "schema_migrations".* FROM "schema_migrations"[0m
Processing by Admin::UsersController#index as HTML
  [1m[35mAdminUser Load (1.1ms)[0m  SELECT  "admin_users".* FROM "admin_users"  WHERE "admin_users"."id" = 1  ORDER BY "admin_users"."id" ASC LIMIT 1
  [1m[36m (1.0ms)[0m  [1mSELECT COUNT(count_column) FROM (SELECT  1 AS count_column FROM "users"  LIMIT 30 OFFSET 0) subquery_for_count[0m
  Rendered /Users/vorDd/.rvm/gems/ruby-2.1.2@blog-api/bundler/gems/activeadmin-6472173b2262/app/views/active_admin/resource/index.html.arb (661.4ms)
Completed 200 OK in 755ms (Views: 674.0ms | ActiveRecord: 7.8ms)


Started GET "/documentation" for 127.0.0.1 at 2014-09-10 13:44:12 -0400
  [1m[36mActiveRecord::SchemaMigration Load (0.7ms)[0m  [1mSELECT "schema_migrations".* FROM "schema_migrations"[0m
Processing by GrapeSwaggerRails::ApplicationController#index as HTML
  Rendered /Users/vorDd/.rvm/gems/ruby-2.1.2@blog-api/gems/grape-swagger-rails-0.0.8/app/views/grape_swagger_rails/application/index.html.erb (556.4ms)
Completed 200 OK in 573ms (Views: 572.7ms | ActiveRecord: 0.0ms)


Started GET "/api/v1/swagger_doc.json" for 127.0.0.1 at 2014-09-10 13:44:14 -0400


Started GET "/api/v1/swagger_doc.json" for 127.0.0.1 at 2014-09-10 13:44:14 -0400


Started GET "/api/v1/swagger_doc/users" for 127.0.0.1 at 2014-09-10 13:44:14 -0400


Started GET "/api/v1/swagger_doc/users" for 127.0.0.1 at 2014-09-10 13:44:14 -0400
  [1m[36m (0.2ms)[0m  [1mBEGIN[0m
  [1m[35mUser Exists (1.2ms)[0m  SELECT  1 AS one FROM "users"  WHERE "users"."email" = 'rey@bayer.info' LIMIT 1
  [1m[36mUser Exists (0.4ms)[0m  [1mSELECT  1 AS one FROM "users"  WHERE "users"."email" = 'rey@bayer.info' LIMIT 1[0m
  [1m[35mSQL (1.3ms)[0m  INSERT INTO "users" ("created_at", "email", "encrypted_password", "first_name", "last_name", "updated_at") VALUES ($1, $2, $3, $4, $5, $6) RETURNING "id"  [["created_at", "2014-09-10 18:06:12.062625"], ["email", "rey@bayer.info"], ["encrypted_password", "$2a$10$Gkptxamfz146sBO9hc14puCfziUT6JcRyvARwRqWlmR0yIzz/Q2Gm"], ["first_name", "Boyd"], ["last_name", "West"], ["updated_at", "2014-09-10 18:06:12.062625"]]
  [1m[36m (0.6ms)[0m  [1mCOMMIT[0m
  [1m[35m (0.2ms)[0m  BEGIN
  [1m[36mUser Exists (0.6ms)[0m  [1mSELECT  1 AS one FROM "users"  WHERE "users"."email" = 'drew@runte.name' LIMIT 1[0m
  [1m[35mUser Exists (0.5ms)[0m  SELECT  1 AS one FROM "users"  WHERE "users"."email" = 'drew@runte.name' LIMIT 1
  [1m[36mSQL (0.4ms)[0m  [1mINSERT INTO "users" ("created_at", "email", "encrypted_password", "first_name", "last_name", "updated_at") VALUES ($1, $2, $3, $4, $5, $6) RETURNING "id"[0m  [["created_at", "2014-09-10 18:06:12.184085"], ["email", "drew@runte.name"], ["encrypted_password", "$2a$10$Ld.Ez9.9KEEgYM8LH5JhgedE1jmFHPbBk5DSGgTeX3zS42FOVAOVK"], ["first_name", "Marta"], ["last_name", "Medhurst"], ["updated_at", "2014-09-10 18:06:12.184085"]]
  [1m[35m (0.6ms)[0m  COMMIT
  [1m[36m (0.4ms)[0m  [1mBEGIN[0m
  [1m[35mUser Exists (0.4ms)[0m  SELECT  1 AS one FROM "users"  WHERE "users"."email" = 'sydney.effertz@murray.org' LIMIT 1
  [1m[36mUser Exists (0.4ms)[0m  [1mSELECT  1 AS one FROM "users"  WHERE "users"."email" = 'sydney.effertz@murray.org' LIMIT 1[0m
  [1m[35mSQL (0.4ms)[0m  INSERT INTO "users" ("created_at", "email", "encrypted_password", "first_name", "last_name", "updated_at") VALUES ($1, $2, $3, $4, $5, $6) RETURNING "id"  [["created_at", "2014-09-10 18:06:12.314412"], ["email", "sydney.effertz@murray.org"], ["encrypted_password", "$2a$10$G7V2rGJIKSjLhDxnfF7hk.pvDBetacFBdTeS.iqMav6hBgTbOWNri"], ["first_name", "Dewitt"], ["last_name", "Bogisich"], ["updated_at", "2014-09-10 18:06:12.314412"]]
  [1m[36m (0.5ms)[0m  [1mCOMMIT[0m
  [1m[35m (0.2ms)[0m  BEGIN
  [1m[36mUser Exists (0.4ms)[0m  [1mSELECT  1 AS one FROM "users"  WHERE "users"."email" = 'pauline@priceabshire.com' LIMIT 1[0m
  [1m[35mUser Exists (0.4ms)[0m  SELECT  1 AS one FROM "users"  WHERE "users"."email" = 'pauline@priceabshire.com' LIMIT 1
  [1m[36mSQL (0.3ms)[0m  [1mINSERT INTO "users" ("created_at", "email", "encrypted_password", "first_name", "last_name", "updated_at") VALUES ($1, $2, $3, $4, $5, $6) RETURNING "id"[0m  [["created_at", "2014-09-10 18:06:12.423732"], ["email", "pauline@priceabshire.com"], ["encrypted_password", "$2a$10$.4CWp.dvDLUlr/T8x29G/eE.0szGXgBftocH.5ydGvw1qoKDfUjQm"], ["first_name", "Piper"], ["last_name", "Hansen"], ["updated_at", "2014-09-10 18:06:12.423732"]]
  [1m[35m (0.5ms)[0m  COMMIT
  [1m[36m (0.2ms)[0m  [1mBEGIN[0m
  [1m[35mUser Exists (0.4ms)[0m  SELECT  1 AS one FROM "users"  WHERE "users"."email" = 'waylon@hayes.biz' LIMIT 1
  [1m[36mUser Exists (0.4ms)[0m  [1mSELECT  1 AS one FROM "users"  WHERE "users"."email" = 'waylon@hayes.biz' LIMIT 1[0m
  [1m[35mSQL (0.4ms)[0m  INSERT INTO "users" ("created_at", "email", "encrypted_password", "first_name", "last_name", "updated_at") VALUES ($1, $2, $3, $4, $5, $6) RETURNING "id"  [["created_at", "2014-09-10 18:06:12.535671"], ["email", "waylon@hayes.biz"], ["encrypted_password", "$2a$10$/ovb.9kDAoq9dxtEJZ6cp.Vfo1zDpaKNU/cLdyoSOmb3n3w0rglmy"], ["first_name", "Noel"], ["last_name", "Weber"], ["updated_at", "2014-09-10 18:06:12.535671"]]
  [1m[36m (0.4ms)[0m  [1mCOMMIT[0m
  [1m[35m (0.2ms)[0m  BEGIN
  [1m[36mUser Exists (0.5ms)[0m  [1mSELECT  1 AS one FROM "users"  WHERE "users"."email" = 'trystan@lebsackcain.com' LIMIT 1[0m
  [1m[35mUser Exists (0.7ms)[0m  SELECT  1 AS one FROM "users"  WHERE "users"."email" = 'trystan@lebsackcain.com' LIMIT 1
  [1m[36mSQL (0.4ms)[0m  [1mINSERT INTO "users" ("created_at", "email", "encrypted_password", "first_name", "last_name", "updated_at") VALUES ($1, $2, $3, $4, $5, $6) RETURNING "id"[0m  [["created_at", "2014-09-10 18:06:12.655614"], ["email", "trystan@lebsackcain.com"], ["encrypted_password", "$2a$10$z07V4mzyyjB9XwxxYcP/WerDj15foY6Q3qa6vxZuXmzVrlDzQFE/."], ["first_name", "Esteban"], ["last_name", "Crist"], ["updated_at", "2014-09-10 18:06:12.655614"]]
  [1m[35m (0.4ms)[0m  COMMIT
  [1m[36m (0.2ms)[0m  [1mBEGIN[0m
  [1m[35mUser Exists (0.4ms)[0m  SELECT  1 AS one FROM "users"  WHERE "users"."email" = 'demetrius.hyatt@feest.name' LIMIT 1
  [1m[36mUser Exists (0.4ms)[0m  [1mSELECT  1 AS one FROM "users"  WHERE "users"."email" = 'demetrius.hyatt@feest.name' LIMIT 1[0m
  [1m[35mSQL (0.3ms)[0m  INSERT INTO "users" ("created_at", "email", "encrypted_password", "first_name", "last_name", "updated_at") VALUES ($1, $2, $3, $4, $5, $6) RETURNING "id"  [["created_at", "2014-09-10 18:06:12.775038"], ["email", "demetrius.hyatt@feest.name"], ["encrypted_password", "$2a$10$OY3SzRhw15hSg7XF7tVDI.m845j0SDEQrtRg4oov.1teSJFqjcOR2"], ["first_name", "Zora"], ["last_name", "Wilderman"], ["updated_at", "2014-09-10 18:06:12.775038"]]
  [1m[36m (0.5ms)[0m  [1mCOMMIT[0m
  [1m[35m (0.2ms)[0m  BEGIN
  [1m[36mUser Exists (0.4ms)[0m  [1mSELECT  1 AS one FROM "users"  WHERE "users"."email" = 'brendon@upton.org' LIMIT 1[0m
  [1m[35mUser Exists (0.4ms)[0m  SELECT  1 AS one FROM "users"  WHERE "users"."email" = 'brendon@upton.org' LIMIT 1
  [1m[36mSQL (0.3ms)[0m  [1mINSERT INTO "users" ("created_at", "email", "encrypted_password", "first_name", "last_name", "updated_at") VALUES ($1, $2, $3, $4, $5, $6) RETURNING "id"[0m  [["created_at", "2014-09-10 18:06:12.882336"], ["email", "brendon@upton.org"], ["encrypted_password", "$2a$10$SzvGzKQOOlXBtvClTsEp1em6EOA8lF4VaO8XGr599DNap7lKn1CMK"], ["first_name", "Aditya"], ["last_name", "O'Reilly"], ["updated_at", "2014-09-10 18:06:12.882336"]]
  [1m[35m (0.6ms)[0m  COMMIT
  [1m[36m (0.2ms)[0m  [1mBEGIN[0m
  [1m[35mUser Exists (0.4ms)[0m  SELECT  1 AS one FROM "users"  WHERE "users"."email" = 'maynard.pollich@schmeler.net' LIMIT 1
  [1m[36mUser Exists (0.4ms)[0m  [1mSELECT  1 AS one FROM "users"  WHERE "users"."email" = 'maynard.pollich@schmeler.net' LIMIT 1[0m
  [1m[35mSQL (0.4ms)[0m  INSERT INTO "users" ("created_at", "email", "encrypted_password", "first_name", "last_name", "updated_at") VALUES ($1, $2, $3, $4, $5, $6) RETURNING "id"  [["created_at", "2014-09-10 18:06:12.986318"], ["email", "maynard.pollich@schmeler.net"], ["encrypted_password", "$2a$10$2i8rJlsZSdG5zyBTePHMDuKzxjBkrXLdVzZw3oqFYg73gWND4YKSK"], ["first_name", "Bernita"], ["last_name", "Eichmann"], ["updated_at", "2014-09-10 18:06:12.986318"]]
  [1m[36m (0.5ms)[0m  [1mCOMMIT[0m
  [1m[35m (0.2ms)[0m  BEGIN
  [1m[36mUser Exists (0.6ms)[0m  [1mSELECT  1 AS one FROM "users"  WHERE "users"."email" = 'mekhi@christiansen.biz' LIMIT 1[0m
  [1m[35mUser Exists (0.8ms)[0m  SELECT  1 AS one FROM "users"  WHERE "users"."email" = 'mekhi@christiansen.biz' LIMIT 1
  [1m[36mSQL (0.3ms)[0m  [1mINSERT INTO "users" ("created_at", "email", "encrypted_password", "first_name", "last_name", "updated_at") VALUES ($1, $2, $3, $4, $5, $6) RETURNING "id"[0m  [["created_at", "2014-09-10 18:06:13.093408"], ["email", "mekhi@christiansen.biz"], ["encrypted_password", "$2a$10$uDtzfWBLvqTjrWNgbMl8UOnFaas4S/Rs2/gn8CAkZb2uzPz5AOlge"], ["first_name", "Kacie"], ["last_name", "Howe"], ["updated_at", "2014-09-10 18:06:13.093408"]]
  [1m[35m (0.4ms)[0m  COMMIT


Started GET "/api/v1/users/1" for 127.0.0.1 at 2014-09-10 14:06:42 -0400
  [1m[36mActiveRecord::SchemaMigration Load (0.6ms)[0m  [1mSELECT "schema_migrations".* FROM "schema_migrations"[0m
  [1m[35mUser Load (1.3ms)[0m  SELECT  "users".* FROM "users"  WHERE "users"."id" = 1  ORDER BY "users"."id" ASC LIMIT 1


Started GET "/api/v1/users/1" for 127.0.0.1 at 2014-09-10 15:03:23 -0400
  [1m[36mActiveRecord::SchemaMigration Load (7.2ms)[0m  [1mSELECT "schema_migrations".* FROM "schema_migrations"[0m
  [1m[35mUser Load (8.5ms)[0m  SELECT  "users".* FROM "users"  WHERE "users"."id" = 1  ORDER BY "users"."id" ASC LIMIT 1


Started GET "/api/v1/users/1" for 127.0.0.1 at 2014-09-10 15:04:15 -0400
  [1m[36mUser Load (2.2ms)[0m  [1mSELECT  "users".* FROM "users"  WHERE "users"."id" = 1  ORDER BY "users"."id" ASC LIMIT 1[0m


Started GET "/api/v1/users/1" for 127.0.0.1 at 2014-09-10 15:07:58 -0400
  [1m[35mUser Load (0.5ms)[0m  SELECT  "users".* FROM "users"  WHERE "users"."id" = 1  ORDER BY "users"."id" ASC LIMIT 1


Started GET "/api/v1/users/1" for 127.0.0.1 at 2014-09-10 15:09:12 -0400
  [1m[36mUser Load (0.7ms)[0m  [1mSELECT  "users".* FROM "users"  WHERE "users"."id" = 1  ORDER BY "users"."id" ASC LIMIT 1[0m


Started GET "/api/v1/users/1" for 127.0.0.1 at 2014-09-10 15:09:59 -0400
  [1m[35mUser Load (0.6ms)[0m  SELECT  "users".* FROM "users"  WHERE "users"."id" = 1  ORDER BY "users"."id" ASC LIMIT 1
  [1m[36mActiveRecord::SchemaMigration Load (24.0ms)[0m  [1mSELECT "schema_migrations".* FROM "schema_migrations"[0m
Migrating to AddAuthenticationTokenToUser (20140910191242)
  [1m[35m (7.4ms)[0m  BEGIN
  [1m[36m (32.6ms)[0m  [1mALTER TABLE "users" ADD COLUMN "authentication_token" character varying(255)[0m
  [1m[35mSQL (12.1ms)[0m  INSERT INTO "schema_migrations" ("version") VALUES ($1)  [["version", "20140910191242"]]
  [1m[36m (159.0ms)[0m  [1mCOMMIT[0m
  [1m[35mActiveRecord::SchemaMigration Load (0.3ms)[0m  SELECT "schema_migrations".* FROM "schema_migrations"
  [1m[36m (365.0ms)[0m  [1mDROP DATABASE IF EXISTS "linl-api_development"[0m
  [1m[35m (383.5ms)[0m  DROP DATABASE IF EXISTS "linl-api_test"
  [1m[36m (378.2ms)[0m  [1mCREATE DATABASE "linl-api_development" ENCODING = 'unicode'[0m
  [1m[35m (253.9ms)[0m  CREATE DATABASE "linl-api_test" ENCODING = 'unicode'
  [1m[36mSQL (1.8ms)[0m  [1mCREATE EXTENSION IF NOT EXISTS "plpgsql"[0m
  [1m[35m (23.0ms)[0m  CREATE TABLE "active_admin_comments" ("id" serial primary key, "namespace" character varying(255), "body" text, "resource_id" character varying(255) NOT NULL, "resource_type" character varying(255) NOT NULL, "author_id" integer, "author_type" character varying(255), "created_at" timestamp, "updated_at" timestamp) 
  [1m[36m (3.6ms)[0m  [1mCREATE  INDEX  "index_active_admin_comments_on_author_type_and_author_id" ON "active_admin_comments" USING btree ("author_type", "author_id")[0m
  [1m[35m (1.4ms)[0m  CREATE  INDEX  "index_active_admin_comments_on_namespace" ON "active_admin_comments" USING btree ("namespace")
  [1m[36m (1.5ms)[0m  [1mCREATE  INDEX  "index_active_admin_comments_on_resource_type_and_resource_id" ON "active_admin_comments" USING btree ("resource_type", "resource_id")[0m
  [1m[35m (28.3ms)[0m  CREATE TABLE "admin_users" ("id" serial primary key, "email" character varying(255) DEFAULT '' NOT NULL, "encrypted_password" character varying(255) DEFAULT '' NOT NULL, "reset_password_token" character varying(255), "reset_password_sent_at" timestamp, "remember_created_at" timestamp, "sign_in_count" integer DEFAULT 0 NOT NULL, "current_sign_in_at" timestamp, "last_sign_in_at" timestamp, "current_sign_in_ip" inet, "last_sign_in_ip" inet, "created_at" timestamp, "updated_at" timestamp) 
  [1m[36m (1.4ms)[0m  [1mCREATE UNIQUE INDEX  "index_admin_users_on_email" ON "admin_users" USING btree ("email")[0m
  [1m[35m (1.3ms)[0m  CREATE UNIQUE INDEX  "index_admin_users_on_reset_password_token" ON "admin_users" USING btree ("reset_password_token")
  [1m[36m (5.6ms)[0m  [1mCREATE TABLE "users" ("id" serial primary key, "email" character varying(255), "encrypted_password" character varying(255) DEFAULT '' NOT NULL, "reset_password_token" character varying(255), "reset_password_sent_at" timestamp, "remember_created_at" timestamp, "sign_in_count" integer DEFAULT 0 NOT NULL, "current_sign_in_at" timestamp, "last_sign_in_at" timestamp, "current_sign_in_ip" inet, "last_sign_in_ip" inet, "first_name" character varying(255), "last_name" character varying(255), "created_at" timestamp, "updated_at" timestamp, "authentication_token" character varying(255)) [0m
  [1m[35m (1.3ms)[0m  CREATE UNIQUE INDEX  "index_users_on_email" ON "users" USING btree ("email")
  [1m[36m (1.5ms)[0m  [1mCREATE UNIQUE INDEX  "index_users_on_reset_password_token" ON "users" USING btree ("reset_password_token")[0m
  [1m[35m (6.5ms)[0m  CREATE TABLE "schema_migrations" ("version" character varying(255) NOT NULL) 
  [1m[36m (12.1ms)[0m  [1mCREATE UNIQUE INDEX  "unique_schema_migrations" ON "schema_migrations"  ("version")[0m
  [1m[35m (0.6ms)[0m  SELECT version FROM "schema_migrations"
  [1m[36m (0.9ms)[0m  [1mINSERT INTO "schema_migrations" (version) VALUES ('20140910191242')[0m
  [1m[35m (0.8ms)[0m  INSERT INTO "schema_migrations" (version) VALUES ('20140910165534')
  [1m[36m (0.5ms)[0m  [1mINSERT INTO "schema_migrations" (version) VALUES ('20140910165540')[0m
  [1m[35m (0.5ms)[0m  INSERT INTO "schema_migrations" (version) VALUES ('20140910172657')
  [1m[36mActiveRecord::SchemaMigration Load (0.6ms)[0m  [1mSELECT "schema_migrations".* FROM "schema_migrations"[0m
  [1m[36m (0.2ms)[0m  [1mBEGIN[0m
  [1m[35mUser Exists (13.3ms)[0m  SELECT  1 AS one FROM "users"  WHERE "users"."email" = 'wendy@adams.net' LIMIT 1
  [1m[36mUser Exists (0.4ms)[0m  [1mSELECT  1 AS one FROM "users"  WHERE "users"."email" = 'wendy@adams.net' LIMIT 1[0m
  [1m[35mUser Load (0.8ms)[0m  SELECT  "users".* FROM "users"  WHERE "users"."authentication_token" = 'g3Yd4y9dj3UeYgSWojj9'  ORDER BY "users"."id" ASC LIMIT 1
  [1m[36mSQL (1.9ms)[0m  [1mINSERT INTO "users" ("authentication_token", "created_at", "email", "encrypted_password", "first_name", "last_name", "updated_at") VALUES ($1, $2, $3, $4, $5, $6, $7) RETURNING "id"[0m  [["authentication_token", "g3Yd4y9dj3UeYgSWojj9"], ["created_at", "2014-09-10 19:41:42.453422"], ["email", "wendy@adams.net"], ["encrypted_password", "$2a$10$Pi9hPoc9JHbrx4EExTWDL.iRnOqBSjnzMSKWNyCaiyudSgwI0oYM6"], ["first_name", "Providenci"], ["last_name", "Turner"], ["updated_at", "2014-09-10 19:41:42.453422"]]
  [1m[35m (0.5ms)[0m  COMMIT
  [1m[36m (0.2ms)[0m  [1mBEGIN[0m
  [1m[35mUser Exists (0.6ms)[0m  SELECT  1 AS one FROM "users"  WHERE "users"."email" = 'jonatan@schinner.info' LIMIT 1
  [1m[36mUser Exists (0.5ms)[0m  [1mSELECT  1 AS one FROM "users"  WHERE "users"."email" = 'jonatan@schinner.info' LIMIT 1[0m
  [1m[35mUser Load (0.6ms)[0m  SELECT  "users".* FROM "users"  WHERE "users"."authentication_token" = '1XE6ZPmWr4dodyfhC5LH'  ORDER BY "users"."id" ASC LIMIT 1
  [1m[36mSQL (0.4ms)[0m  [1mINSERT INTO "users" ("authentication_token", "created_at", "email", "encrypted_password", "first_name", "last_name", "updated_at") VALUES ($1, $2, $3, $4, $5, $6, $7) RETURNING "id"[0m  [["authentication_token", "1XE6ZPmWr4dodyfhC5LH"], ["created_at", "2014-09-10 19:41:42.580910"], ["email", "jonatan@schinner.info"], ["encrypted_password", "$2a$10$/T8iLKCxBGsiTsyKp8kRcu08A/SYzzdTn2hR6Wk6nAG6.N51AbUDq"], ["first_name", "Josh"], ["last_name", "Kuphal"], ["updated_at", "2014-09-10 19:41:42.580910"]]
  [1m[35m (0.5ms)[0m  COMMIT
  [1m[36m (0.2ms)[0m  [1mBEGIN[0m
  [1m[35mUser Exists (0.4ms)[0m  SELECT  1 AS one FROM "users"  WHERE "users"."email" = 'cecil@larsonjacobson.org' LIMIT 1
  [1m[36mUser Exists (0.5ms)[0m  [1mSELECT  1 AS one FROM "users"  WHERE "users"."email" = 'cecil@larsonjacobson.org' LIMIT 1[0m
  [1m[35mUser Load (0.6ms)[0m  SELECT  "users".* FROM "users"  WHERE "users"."authentication_token" = 'N3xJKfe_9zdsffLw5WXf'  ORDER BY "users"."id" ASC LIMIT 1
  [1m[36mSQL (0.4ms)[0m  [1mINSERT INTO "users" ("authentication_token", "created_at", "email", "encrypted_password", "first_name", "last_name", "updated_at") VALUES ($1, $2, $3, $4, $5, $6, $7) RETURNING "id"[0m  [["authentication_token", "N3xJKfe_9zdsffLw5WXf"], ["created_at", "2014-09-10 19:41:42.696126"], ["email", "cecil@larsonjacobson.org"], ["encrypted_password", "$2a$10$s7ccfPUCokOD5Puo.HpsouxpJ/ZGGL208kCTo3rsydCfJXu3m44rq"], ["first_name", "Bernadette"], ["last_name", "Weissnat"], ["updated_at", "2014-09-10 19:41:42.696126"]]
  [1m[35m (0.5ms)[0m  COMMIT
  [1m[36m (0.2ms)[0m  [1mBEGIN[0m
  [1m[35mUser Exists (0.4ms)[0m  SELECT  1 AS one FROM "users"  WHERE "users"."email" = 'maximo@bradtke.com' LIMIT 1
  [1m[36mUser Exists (0.4ms)[0m  [1mSELECT  1 AS one FROM "users"  WHERE "users"."email" = 'maximo@bradtke.com' LIMIT 1[0m
  [1m[35mUser Load (0.5ms)[0m  SELECT  "users".* FROM "users"  WHERE "users"."authentication_token" = 'Re7JPXzg7JXbU8JAGM8c'  ORDER BY "users"."id" ASC LIMIT 1
  [1m[36mSQL (0.3ms)[0m  [1mINSERT INTO "users" ("authentication_token", "created_at", "email", "encrypted_password", "first_name", "last_name", "updated_at") VALUES ($1, $2, $3, $4, $5, $6, $7) RETURNING "id"[0m  [["authentication_token", "Re7JPXzg7JXbU8JAGM8c"], ["created_at", "2014-09-10 19:41:42.832289"], ["email", "maximo@bradtke.com"], ["encrypted_password", "$2a$10$am9w1tubSQSBPUW.i9NCO.IcZQeXl3aw/zCAcHcjCELFpsSlP4OlG"], ["first_name", "Susana"], ["last_name", "Kuphal"], ["updated_at", "2014-09-10 19:41:42.832289"]]
  [1m[35m (0.5ms)[0m  COMMIT
  [1m[36m (0.2ms)[0m  [1mBEGIN[0m
  [1m[35mUser Exists (0.5ms)[0m  SELECT  1 AS one FROM "users"  WHERE "users"."email" = 'jon@townemorar.org' LIMIT 1
  [1m[36mUser Exists (0.5ms)[0m  [1mSELECT  1 AS one FROM "users"  WHERE "users"."email" = 'jon@townemorar.org' LIMIT 1[0m
  [1m[35mUser Load (0.5ms)[0m  SELECT  "users".* FROM "users"  WHERE "users"."authentication_token" = 'WGJLxx7WJsFFTwVTi-to'  ORDER BY "users"."id" ASC LIMIT 1
  [1m[36mSQL (0.4ms)[0m  [1mINSERT INTO "users" ("authentication_token", "created_at", "email", "encrypted_password", "first_name", "last_name", "updated_at") VALUES ($1, $2, $3, $4, $5, $6, $7) RETURNING "id"[0m  [["authentication_token", "WGJLxx7WJsFFTwVTi-to"], ["created_at", "2014-09-10 19:41:42.945678"], ["email", "jon@townemorar.org"], ["encrypted_password", "$2a$10$naFH69zyW4OPhSmNa2wP8.iVdngfLgPquTLHwHviQAkZGlCBGnYFG"], ["first_name", "Hector"], ["last_name", "Auer"], ["updated_at", "2014-09-10 19:41:42.945678"]]
  [1m[35m (0.5ms)[0m  COMMIT
  [1m[36m (0.2ms)[0m  [1mBEGIN[0m
  [1m[35mUser Exists (0.4ms)[0m  SELECT  1 AS one FROM "users"  WHERE "users"."email" = 'tyshawn@fahey.info' LIMIT 1
  [1m[36mUser Exists (0.4ms)[0m  [1mSELECT  1 AS one FROM "users"  WHERE "users"."email" = 'tyshawn@fahey.info' LIMIT 1[0m
  [1m[35mUser Load (1.7ms)[0m  SELECT  "users".* FROM "users"  WHERE "users"."authentication_token" = 'TeUyPxtr9ssEid671dxS'  ORDER BY "users"."id" ASC LIMIT 1
  [1m[36mSQL (0.4ms)[0m  [1mINSERT INTO "users" ("authentication_token", "created_at", "email", "encrypted_password", "first_name", "last_name", "updated_at") VALUES ($1, $2, $3, $4, $5, $6, $7) RETURNING "id"[0m  [["authentication_token", "TeUyPxtr9ssEid671dxS"], ["created_at", "2014-09-10 19:41:43.058142"], ["email", "tyshawn@fahey.info"], ["encrypted_password", "$2a$10$h.0X0m66k.Y5qZeMYO6w2uGqHWBJ1bNBzhKtA/G/t9KfQwCtUZBTy"], ["first_name", "Hilbert"], ["last_name", "Walter"], ["updated_at", "2014-09-10 19:41:43.058142"]]
  [1m[35m (0.5ms)[0m  COMMIT
  [1m[36m (0.2ms)[0m  [1mBEGIN[0m
  [1m[35mUser Exists (0.4ms)[0m  SELECT  1 AS one FROM "users"  WHERE "users"."email" = 'kennedy_feil@rau.biz' LIMIT 1
  [1m[36mUser Exists (0.4ms)[0m  [1mSELECT  1 AS one FROM "users"  WHERE "users"."email" = 'kennedy_feil@rau.biz' LIMIT 1[0m
  [1m[35mUser Load (0.4ms)[0m  SELECT  "users".* FROM "users"  WHERE "users"."authentication_token" = 'r_yUzjtYm9GXkFEvRkqA'  ORDER BY "users"."id" ASC LIMIT 1
  [1m[36mSQL (0.3ms)[0m  [1mINSERT INTO "users" ("authentication_token", "created_at", "email", "encrypted_password", "first_name", "last_name", "updated_at") VALUES ($1, $2, $3, $4, $5, $6, $7) RETURNING "id"[0m  [["authentication_token", "r_yUzjtYm9GXkFEvRkqA"], ["created_at", "2014-09-10 19:41:43.168287"], ["email", "kennedy_feil@rau.biz"], ["encrypted_password", "$2a$10$pG85JKDyeDpohNj12zwIFehcFPFzI4fHUVBhUwY276Qn/p3i78w4e"], ["first_name", "Paige"], ["last_name", "Bartoletti"], ["updated_at", "2014-09-10 19:41:43.168287"]]
  [1m[35m (0.5ms)[0m  COMMIT
  [1m[36m (0.2ms)[0m  [1mBEGIN[0m
  [1m[35mUser Exists (0.4ms)[0m  SELECT  1 AS one FROM "users"  WHERE "users"."email" = 'lexi@krajcikpfannerstill.name' LIMIT 1
  [1m[36mUser Exists (0.5ms)[0m  [1mSELECT  1 AS one FROM "users"  WHERE "users"."email" = 'lexi@krajcikpfannerstill.name' LIMIT 1[0m
  [1m[35mUser Load (0.5ms)[0m  SELECT  "users".* FROM "users"  WHERE "users"."authentication_token" = '41T6iWAf-qbxyP8Bqf_-'  ORDER BY "users"."id" ASC LIMIT 1
  [1m[36mSQL (0.4ms)[0m  [1mINSERT INTO "users" ("authentication_token", "created_at", "email", "encrypted_password", "first_name", "last_name", "updated_at") VALUES ($1, $2, $3, $4, $5, $6, $7) RETURNING "id"[0m  [["authentication_token", "41T6iWAf-qbxyP8Bqf_-"], ["created_at", "2014-09-10 19:41:43.282132"], ["email", "lexi@krajcikpfannerstill.name"], ["encrypted_password", "$2a$10$mp4OyFcmNyO25sC.uglcguorbqn9dY2v//SU8/6fTHCuTHPIiwsmi"], ["first_name", "Annetta"], ["last_name", "Lind"], ["updated_at", "2014-09-10 19:41:43.282132"]]
  [1m[35m (0.5ms)[0m  COMMIT
  [1m[36m (0.2ms)[0m  [1mBEGIN[0m
  [1m[35mUser Exists (0.4ms)[0m  SELECT  1 AS one FROM "users"  WHERE "users"."email" = 'christiana.adams@sawayn.info' LIMIT 1
  [1m[36mUser Exists (0.8ms)[0m  [1mSELECT  1 AS one FROM "users"  WHERE "users"."email" = 'christiana.adams@sawayn.info' LIMIT 1[0m
  [1m[35mUser Load (0.5ms)[0m  SELECT  "users".* FROM "users"  WHERE "users"."authentication_token" = 'agx_kJsiQuXmgrnaQAXV'  ORDER BY "users"."id" ASC LIMIT 1
  [1m[36mSQL (0.3ms)[0m  [1mINSERT INTO "users" ("authentication_token", "created_at", "email", "encrypted_password", "first_name", "last_name", "updated_at") VALUES ($1, $2, $3, $4, $5, $6, $7) RETURNING "id"[0m  [["authentication_token", "agx_kJsiQuXmgrnaQAXV"], ["created_at", "2014-09-10 19:41:43.397904"], ["email", "christiana.adams@sawayn.info"], ["encrypted_password", "$2a$10$vpY4bGwYx5HHVw32RHWukunb/vj8rsjVUb3guUwYlEZpI0Gv8iOt2"], ["first_name", "Patricia"], ["last_name", "Stamm"], ["updated_at", "2014-09-10 19:41:43.397904"]]
  [1m[35m (5.7ms)[0m  COMMIT
  [1m[36m (0.2ms)[0m  [1mBEGIN[0m
  [1m[35mUser Exists (0.4ms)[0m  SELECT  1 AS one FROM "users"  WHERE "users"."email" = 'reuben.bechtelar@blick.com' LIMIT 1
  [1m[36mUser Exists (0.4ms)[0m  [1mSELECT  1 AS one FROM "users"  WHERE "users"."email" = 'reuben.bechtelar@blick.com' LIMIT 1[0m
  [1m[35mUser Load (0.5ms)[0m  SELECT  "users".* FROM "users"  WHERE "users"."authentication_token" = 'XDFcqVriSyNvXKiFQCKp'  ORDER BY "users"."id" ASC LIMIT 1
  [1m[36mSQL (0.3ms)[0m  [1mINSERT INTO "users" ("authentication_token", "created_at", "email", "encrypted_password", "first_name", "last_name", "updated_at") VALUES ($1, $2, $3, $4, $5, $6, $7) RETURNING "id"[0m  [["authentication_token", "XDFcqVriSyNvXKiFQCKp"], ["created_at", "2014-09-10 19:41:43.513859"], ["email", "reuben.bechtelar@blick.com"], ["encrypted_password", "$2a$10$Ty9Xse.76iOlwQqxc7k.lOwXdSlOMjw0ScemL5SFBi/OKepUGcesu"], ["first_name", "Alphonso"], ["last_name", "Corkery"], ["updated_at", "2014-09-10 19:41:43.513859"]]
  [1m[35m (0.5ms)[0m  COMMIT
  [1m[36m (0.2ms)[0m  [1mBEGIN[0m
  [1m[35mUser Exists (1.3ms)[0m  SELECT  1 AS one FROM "users"  WHERE "users"."email" = 'test@example.com' LIMIT 1
  [1m[36mUser Exists (0.5ms)[0m  [1mSELECT  1 AS one FROM "users"  WHERE "users"."email" = 'test@example.com' LIMIT 1[0m
  [1m[35mUser Load (0.8ms)[0m  SELECT  "users".* FROM "users"  WHERE "users"."authentication_token" = 'uJnXyct57i5eGBZhdMbw'  ORDER BY "users"."id" ASC LIMIT 1
  [1m[36mSQL (0.6ms)[0m  [1mINSERT INTO "users" ("authentication_token", "created_at", "email", "encrypted_password", "updated_at") VALUES ($1, $2, $3, $4, $5) RETURNING "id"[0m  [["authentication_token", "uJnXyct57i5eGBZhdMbw"], ["created_at", "2014-09-10 20:13:50.293244"], ["email", "test@example.com"], ["encrypted_password", "$2a$10$GArL82HBGV6aMfyfUWLFHeM1bzsscXlFkFUp8Y3qYanOEO16Or2eS"], ["updated_at", "2014-09-10 20:13:50.293244"]]
  [1m[35m (165.6ms)[0m  COMMIT


Started GET "/api/v1/users/1" for 127.0.0.1 at 2014-09-10 16:26:24 -0400
  [1m[36mActiveRecord::SchemaMigration Load (0.7ms)[0m  [1mSELECT "schema_migrations".* FROM "schema_migrations"[0m
  [1m[35mUser Load (5.9ms)[0m  SELECT  "users".* FROM "users"  WHERE "users"."id" = 1  ORDER BY "users"."id" ASC LIMIT 1


Started POST "/users/sign_in" for 127.0.0.1 at 2014-09-10 16:30:30 -0400
Processing by SessionsController#create as JSON
  Parameters: {"user"=>{"email"=>"test@example.com", "password"=>"[FILTERED]"}}
Can't verify CSRF token authenticity
  [1m[36mUser Load (7.2ms)[0m  [1mSELECT  "users".* FROM "users"  WHERE "users"."email" = 'test@example.com'  ORDER BY "users"."id" ASC LIMIT 1[0m
  [1m[35m (0.2ms)[0m  BEGIN
  [1m[36mSQL (1.1ms)[0m  [1mUPDATE "users" SET "current_sign_in_at" = $1, "current_sign_in_ip" = $2, "last_sign_in_at" = $3, "last_sign_in_ip" = $4, "sign_in_count" = $5, "updated_at" = $6 WHERE "users"."id" = 11[0m  [["current_sign_in_at", "2014-09-10 20:30:30.664034"], ["current_sign_in_ip", "127.0.0.1/32"], ["last_sign_in_at", "2014-09-10 20:30:30.664034"], ["last_sign_in_ip", "127.0.0.1/32"], ["sign_in_count", 1], ["updated_at", "2014-09-10 20:30:30.668603"]]
  [1m[35m (0.5ms)[0m  COMMIT
Completed 201 Created in 137ms (Views: 2.1ms | ActiveRecord: 9.2ms)


Started GET "/api/v1/users/1" for 127.0.0.1 at 2014-09-10 17:14:22 -0400
  [1m[36mActiveRecord::SchemaMigration Load (0.6ms)[0m  [1mSELECT "schema_migrations".* FROM "schema_migrations"[0m
  [1m[35mUser Load (1.2ms)[0m  SELECT  "users".* FROM "users"  WHERE "users"."id" = 1  ORDER BY "users"."id" ASC LIMIT 1


Started POST "/users/sign_in" for 127.0.0.1 at 2014-09-10 17:14:48 -0400
Processing by SessionsController#create as JSON
  Parameters: {"user"=>{"email"=>"test@example.com", "password"=>"[FILTERED]"}}
Can't verify CSRF token authenticity
  [1m[36mUser Load (25.7ms)[0m  [1mSELECT  "users".* FROM "users"  WHERE "users"."email" = 'test@example.com'  ORDER BY "users"."id" ASC LIMIT 1[0m
  [1m[35m (0.7ms)[0m  BEGIN
  [1m[36mSQL (30.2ms)[0m  [1mUPDATE "users" SET "current_sign_in_at" = $1, "sign_in_count" = $2, "updated_at" = $3 WHERE "users"."id" = 11[0m  [["current_sign_in_at", "2014-09-10 21:14:48.795043"], ["sign_in_count", 2], ["updated_at", "2014-09-10 21:14:48.800494"]]
  [1m[35m (164.9ms)[0m  COMMIT
Completed 201 Created in 358ms (Views: 2.0ms | ActiveRecord: 221.7ms)


Started GET "/api/v1/users/11" for 127.0.0.1 at 2014-09-10 17:14:49 -0400
  [1m[36mUser Load (6.8ms)[0m  [1mSELECT  "users".* FROM "users"  WHERE "users"."id" = 11  ORDER BY "users"."id" ASC LIMIT 1[0m


Started POST "/users/sign_in" for 127.0.0.1 at 2014-09-10 17:17:25 -0400
Processing by SessionsController#create as JSON
  Parameters: {"user"=>{"email"=>"test@example.com", "password"=>"[FILTERED]"}}
Can't verify CSRF token authenticity
  [1m[35mUser Load (0.8ms)[0m  SELECT  "users".* FROM "users"  WHERE "users"."email" = 'test@example.com'  ORDER BY "users"."id" ASC LIMIT 1
  [1m[36m (0.2ms)[0m  [1mBEGIN[0m
  [1m[35mSQL (0.4ms)[0m  UPDATE "users" SET "current_sign_in_at" = $1, "last_sign_in_at" = $2, "sign_in_count" = $3, "updated_at" = $4 WHERE "users"."id" = 11  [["current_sign_in_at", "2014-09-10 21:17:26.070103"], ["last_sign_in_at", "2014-09-10 21:14:48.795043"], ["sign_in_count", 3], ["updated_at", "2014-09-10 21:17:26.073972"]]
  [1m[36m (0.5ms)[0m  [1mCOMMIT[0m
Completed 201 Created in 107ms (Views: 1.8ms | ActiveRecord: 1.9ms)


Started GET "/api/v1/users/11" for 127.0.0.1 at 2014-09-10 17:17:26 -0400
  [1m[35mUser Load (0.6ms)[0m  SELECT  "users".* FROM "users"  WHERE "users"."id" = 11  ORDER BY "users"."id" ASC LIMIT 1


Started POST "/users/sign_in" for 127.0.0.1 at 2014-09-10 17:17:42 -0400
Processing by SessionsController#create as JSON
  Parameters: {"user"=>{"email"=>"test@example.com", "password"=>"[FILTERED]"}}
Can't verify CSRF token authenticity
  [1m[36mUser Load (1.0ms)[0m  [1mSELECT  "users".* FROM "users"  WHERE "users"."email" = 'test@example.com'  ORDER BY "users"."id" ASC LIMIT 1[0m
  [1m[35m (0.2ms)[0m  BEGIN
  [1m[36mSQL (0.4ms)[0m  [1mUPDATE "users" SET "current_sign_in_at" = $1, "last_sign_in_at" = $2, "sign_in_count" = $3, "updated_at" = $4 WHERE "users"."id" = 11[0m  [["current_sign_in_at", "2014-09-10 21:17:42.830178"], ["last_sign_in_at", "2014-09-10 21:17:26.070103"], ["sign_in_count", 4], ["updated_at", "2014-09-10 21:17:42.834109"]]
  [1m[35m (5.1ms)[0m  COMMIT
Completed 201 Created in 142ms (Views: 1.6ms | ActiveRecord: 6.6ms)


Started GET "/api/v1/users/11" for 127.0.0.1 at 2014-09-10 17:17:42 -0400
  [1m[36mUser Load (0.8ms)[0m  [1mSELECT  "users".* FROM "users"  WHERE "users"."id" = 11  ORDER BY "users"."id" ASC LIMIT 1[0m


Started GET "/api/v1/users/1" for 127.0.0.1 at 2014-09-10 17:17:42 -0400
  [1m[35mUser Load (0.6ms)[0m  SELECT  "users".* FROM "users"  WHERE "users"."id" = 1  ORDER BY "users"."id" ASC LIMIT 1


Started POST "/users/sign_in" for 127.0.0.1 at 2014-09-10 17:21:25 -0400
Processing by SessionsController#create as JSON
  Parameters: {"user"=>{"email"=>"test@example.com", "password"=>"[FILTERED]"}}
Can't verify CSRF token authenticity
  [1m[36mUser Load (0.6ms)[0m  [1mSELECT  "users".* FROM "users"  WHERE "users"."email" = 'test@example.com'  ORDER BY "users"."id" ASC LIMIT 1[0m
  [1m[35m (0.2ms)[0m  BEGIN
  [1m[36mSQL (0.4ms)[0m  [1mUPDATE "users" SET "current_sign_in_at" = $1, "last_sign_in_at" = $2, "sign_in_count" = $3, "updated_at" = $4 WHERE "users"."id" = 11[0m  [["current_sign_in_at", "2014-09-10 21:21:25.129740"], ["last_sign_in_at", "2014-09-10 21:17:42.830178"], ["sign_in_count", 5], ["updated_at", "2014-09-10 21:21:25.133635"]]
  [1m[35m (0.5ms)[0m  COMMIT
Completed 201 Created in 107ms (Views: 1.7ms | ActiveRecord: 1.6ms)


Started GET "/api/v1/users/11" for 127.0.0.1 at 2014-09-10 17:21:25 -0400
  [1m[36mUser Load (1.2ms)[0m  [1mSELECT  "users".* FROM "users"  WHERE "users"."id" = 11  ORDER BY "users"."id" ASC LIMIT 1[0m


Started POST "/users/sign_in" for 127.0.0.1 at 2014-09-10 17:21:50 -0400
Processing by SessionsController#create as JSON
  Parameters: {"user"=>{"email"=>"test@example.com", "password"=>"[FILTERED]"}}
Can't verify CSRF token authenticity
  [1m[35mUser Load (1.1ms)[0m  SELECT  "users".* FROM "users"  WHERE "users"."email" = 'test@example.com'  ORDER BY "users"."id" ASC LIMIT 1
  [1m[36m (0.2ms)[0m  [1mBEGIN[0m
  [1m[35mSQL (0.4ms)[0m  UPDATE "users" SET "current_sign_in_at" = $1, "last_sign_in_at" = $2, "sign_in_count" = $3, "updated_at" = $4 WHERE "users"."id" = 11  [["current_sign_in_at", "2014-09-10 21:21:51.094303"], ["last_sign_in_at", "2014-09-10 21:21:25.129740"], ["sign_in_count", 6], ["updated_at", "2014-09-10 21:21:51.097964"]]
  [1m[36m (1.2ms)[0m  [1mCOMMIT[0m
Completed 201 Created in 113ms (Views: 1.9ms | ActiveRecord: 2.8ms)


Started GET "/api/v1/users/11" for 127.0.0.1 at 2014-09-10 17:21:51 -0400
  [1m[35mUser Load (4.8ms)[0m  SELECT  "users".* FROM "users"  WHERE "users"."id" = 11  ORDER BY "users"."id" ASC LIMIT 1


Started GET "/api/v1/users/1" for 127.0.0.1 at 2014-09-10 17:21:51 -0400
  [1m[36mUser Load (0.5ms)[0m  [1mSELECT  "users".* FROM "users"  WHERE "users"."id" = 1  ORDER BY "users"."id" ASC LIMIT 1[0m


Started POST "/users/sign_in" for 127.0.0.1 at 2014-09-10 17:26:07 -0400
Processing by SessionsController#create as JSON
  Parameters: {"user"=>{"email"=>"test@example.com", "password"=>"[FILTERED]"}}
Can't verify CSRF token authenticity
  [1m[35mUser Load (0.6ms)[0m  SELECT  "users".* FROM "users"  WHERE "users"."email" = 'test@example.com'  ORDER BY "users"."id" ASC LIMIT 1
  [1m[36m (0.2ms)[0m  [1mBEGIN[0m
  [1m[35mSQL (0.4ms)[0m  UPDATE "users" SET "current_sign_in_at" = $1, "last_sign_in_at" = $2, "sign_in_count" = $3, "updated_at" = $4 WHERE "users"."id" = 11  [["current_sign_in_at", "2014-09-10 21:26:07.377105"], ["last_sign_in_at", "2014-09-10 21:21:51.094303"], ["sign_in_count", 7], ["updated_at", "2014-09-10 21:26:07.381744"]]
  [1m[36m (0.7ms)[0m  [1mCOMMIT[0m
Completed 201 Created in 116ms (Views: 2.0ms | ActiveRecord: 1.9ms)


Started GET "/api/v1/users/11" for 127.0.0.1 at 2014-09-10 17:26:07 -0400
  [1m[35mUser Load (1.3ms)[0m  SELECT  "users".* FROM "users"  WHERE "users"."id" = 11  ORDER BY "users"."id" ASC LIMIT 1


Started POST "/users/sign_in" for 127.0.0.1 at 2014-09-10 17:26:30 -0400
Processing by SessionsController#create as JSON
  Parameters: {"user"=>{"email"=>"test@example.com", "password"=>"[FILTERED]"}}
Can't verify CSRF token authenticity
  [1m[36mUser Load (1.2ms)[0m  [1mSELECT  "users".* FROM "users"  WHERE "users"."email" = 'test@example.com'  ORDER BY "users"."id" ASC LIMIT 1[0m
  [1m[35m (0.2ms)[0m  BEGIN
  [1m[36mSQL (0.4ms)[0m  [1mUPDATE "users" SET "current_sign_in_at" = $1, "last_sign_in_at" = $2, "sign_in_count" = $3, "updated_at" = $4 WHERE "users"."id" = 11[0m  [["current_sign_in_at", "2014-09-10 21:26:30.921473"], ["last_sign_in_at", "2014-09-10 21:26:07.377105"], ["sign_in_count", 8], ["updated_at", "2014-09-10 21:26:30.926184"]]
  [1m[35m (0.5ms)[0m  COMMIT
Completed 201 Created in 192ms (Views: 1.8ms | ActiveRecord: 2.2ms)


Started GET "/api/v1/users/11" for 127.0.0.1 at 2014-09-10 17:26:31 -0400
  [1m[36mUser Load (0.5ms)[0m  [1mSELECT  "users".* FROM "users"  WHERE "users"."id" = 11  ORDER BY "users"."id" ASC LIMIT 1[0m


Started POST "/users/sign_in" for 127.0.0.1 at 2014-09-10 17:27:18 -0400
Processing by SessionsController#create as JSON
  Parameters: {"user"=>{"email"=>"test@example.com", "password"=>"[FILTERED]"}}
Can't verify CSRF token authenticity
  [1m[35mUser Load (0.6ms)[0m  SELECT  "users".* FROM "users"  WHERE "users"."email" = 'test@example.com'  ORDER BY "users"."id" ASC LIMIT 1
  [1m[36m (0.2ms)[0m  [1mBEGIN[0m
  [1m[35mSQL (0.5ms)[0m  UPDATE "users" SET "current_sign_in_at" = $1, "last_sign_in_at" = $2, "sign_in_count" = $3, "updated_at" = $4 WHERE "users"."id" = 11  [["current_sign_in_at", "2014-09-10 21:27:18.264890"], ["last_sign_in_at", "2014-09-10 21:26:30.921473"], ["sign_in_count", 9], ["updated_at", "2014-09-10 21:27:18.268751"]]
  [1m[36m (5.9ms)[0m  [1mCOMMIT[0m
Completed 201 Created in 114ms (Views: 1.6ms | ActiveRecord: 7.2ms)


Started GET "/api/v1/users/11" for 127.0.0.1 at 2014-09-10 17:27:18 -0400
  [1m[35mUser Load (0.9ms)[0m  SELECT  "users".* FROM "users"  WHERE "users"."id" = 11  ORDER BY "users"."id" ASC LIMIT 1


Started GET "/api/v1/users/1" for 127.0.0.1 at 2014-09-10 17:27:18 -0400
  [1m[36mUser Load (0.6ms)[0m  [1mSELECT  "users".* FROM "users"  WHERE "users"."id" = 1  ORDER BY "users"."id" ASC LIMIT 1[0m


Started POST "/users/sign_in" for 127.0.0.1 at 2014-09-10 17:28:44 -0400
Processing by SessionsController#create as JSON
  Parameters: {"user"=>{"email"=>"test@example.com", "password"=>"[FILTERED]"}}
Can't verify CSRF token authenticity
  [1m[35mUser Load (0.8ms)[0m  SELECT  "users".* FROM "users"  WHERE "users"."email" = 'test@example.com'  ORDER BY "users"."id" ASC LIMIT 1
  [1m[36m (0.2ms)[0m  [1mBEGIN[0m
  [1m[35mSQL (0.5ms)[0m  UPDATE "users" SET "current_sign_in_at" = $1, "last_sign_in_at" = $2, "sign_in_count" = $3, "updated_at" = $4 WHERE "users"."id" = 11  [["current_sign_in_at", "2014-09-10 21:28:45.018348"], ["last_sign_in_at", "2014-09-10 21:27:18.264890"], ["sign_in_count", 10], ["updated_at", "2014-09-10 21:28:45.022368"]]
  [1m[36m (0.7ms)[0m  [1mCOMMIT[0m
Completed 201 Created in 112ms (Views: 1.7ms | ActiveRecord: 2.2ms)


Started GET "/api/v1/users/11" for 127.0.0.1 at 2014-09-10 17:28:45 -0400
  [1m[35mUser Load (0.5ms)[0m  SELECT  "users".* FROM "users"  WHERE "users"."id" = 11  ORDER BY "users"."id" ASC LIMIT 1


Started GET "/api/v1/users/1" for 127.0.0.1 at 2014-09-10 17:28:45 -0400
  [1m[36mUser Load (0.5ms)[0m  [1mSELECT  "users".* FROM "users"  WHERE "users"."id" = 1  ORDER BY "users"."id" ASC LIMIT 1[0m


Started POST "/users/sign_in" for 127.0.0.1 at 2014-09-10 17:29:15 -0400
Processing by SessionsController#create as JSON
  Parameters: {"user"=>{"email"=>"test@example.com", "password"=>"[FILTERED]"}}
Can't verify CSRF token authenticity
  [1m[35mUser Load (1.3ms)[0m  SELECT  "users".* FROM "users"  WHERE "users"."email" = 'test@example.com'  ORDER BY "users"."id" ASC LIMIT 1
  [1m[36m (0.2ms)[0m  [1mBEGIN[0m
  [1m[35mSQL (0.3ms)[0m  UPDATE "users" SET "current_sign_in_at" = $1, "last_sign_in_at" = $2, "sign_in_count" = $3, "updated_at" = $4 WHERE "users"."id" = 11  [["current_sign_in_at", "2014-09-10 21:29:15.778930"], ["last_sign_in_at", "2014-09-10 21:28:45.018348"], ["sign_in_count", 11], ["updated_at", "2014-09-10 21:29:15.782718"]]
  [1m[36m (0.5ms)[0m  [1mCOMMIT[0m
Completed 201 Created in 120ms (Views: 1.7ms | ActiveRecord: 2.2ms)


Started GET "/api/v1/users/11" for 127.0.0.1 at 2014-09-10 17:29:15 -0400
  [1m[35mUser Load (0.6ms)[0m  SELECT  "users".* FROM "users"  WHERE "users"."id" = 11  ORDER BY "users"."id" ASC LIMIT 1


Started GET "/api/v1/users/1" for 127.0.0.1 at 2014-09-10 17:29:15 -0400
  [1m[36mUser Load (0.9ms)[0m  [1mSELECT  "users".* FROM "users"  WHERE "users"."id" = 1  ORDER BY "users"."id" ASC LIMIT 1[0m


Started POST "/users/sign_in" for 127.0.0.1 at 2014-09-10 17:30:28 -0400
Processing by SessionsController#create as JSON
  Parameters: {"user"=>{"email"=>"test@example.com", "password"=>"[FILTERED]"}}
Can't verify CSRF token authenticity
  [1m[35mUser Load (0.6ms)[0m  SELECT  "users".* FROM "users"  WHERE "users"."email" = 'test@example.com'  ORDER BY "users"."id" ASC LIMIT 1
  [1m[36m (0.2ms)[0m  [1mBEGIN[0m
  [1m[35mSQL (0.3ms)[0m  UPDATE "users" SET "current_sign_in_at" = $1, "last_sign_in_at" = $2, "sign_in_count" = $3, "updated_at" = $4 WHERE "users"."id" = 11  [["current_sign_in_at", "2014-09-10 21:30:28.369088"], ["last_sign_in_at", "2014-09-10 21:29:15.778930"], ["sign_in_count", 12], ["updated_at", "2014-09-10 21:30:28.373174"]]
  [1m[36m (0.6ms)[0m  [1mCOMMIT[0m
Completed 201 Created in 115ms (Views: 1.7ms | ActiveRecord: 1.7ms)


Started GET "/api/v1/users/11" for 127.0.0.1 at 2014-09-10 17:30:28 -0400
  [1m[35mUser Load (0.5ms)[0m  SELECT  "users".* FROM "users"  WHERE "users"."id" = 11  ORDER BY "users"."id" ASC LIMIT 1


Started GET "/api/v1/users/1" for 127.0.0.1 at 2014-09-10 17:30:28 -0400
  [1m[36mUser Load (0.5ms)[0m  [1mSELECT  "users".* FROM "users"  WHERE "users"."id" = 1  ORDER BY "users"."id" ASC LIMIT 1[0m


Started POST "/users/sign_in" for 127.0.0.1 at 2014-09-10 17:30:57 -0400
Processing by SessionsController#create as JSON
  Parameters: {"user"=>{"email"=>"test@example.com", "password"=>"[FILTERED]"}}
Can't verify CSRF token authenticity
  [1m[35mUser Load (2.9ms)[0m  SELECT  "users".* FROM "users"  WHERE "users"."email" = 'test@example.com'  ORDER BY "users"."id" ASC LIMIT 1
  [1m[36m (0.2ms)[0m  [1mBEGIN[0m
  [1m[35mSQL (0.3ms)[0m  UPDATE "users" SET "current_sign_in_at" = $1, "last_sign_in_at" = $2, "sign_in_count" = $3, "updated_at" = $4 WHERE "users"."id" = 11  [["current_sign_in_at", "2014-09-10 21:30:57.820964"], ["last_sign_in_at", "2014-09-10 21:30:28.369088"], ["sign_in_count", 13], ["updated_at", "2014-09-10 21:30:57.825434"]]
  [1m[36m (0.4ms)[0m  [1mCOMMIT[0m
Completed 201 Created in 113ms (Views: 1.6ms | ActiveRecord: 3.8ms)


Started GET "/api/v1/users/11" for 127.0.0.1 at 2014-09-10 17:30:57 -0400
  [1m[35mUser Load (0.6ms)[0m  SELECT  "users".* FROM "users"  WHERE "users"."id" = 11  ORDER BY "users"."id" ASC LIMIT 1


Started GET "/api/v1/users/1" for 127.0.0.1 at 2014-09-10 17:30:57 -0400
  [1m[36mUser Load (0.6ms)[0m  [1mSELECT  "users".* FROM "users"  WHERE "users"."id" = 1  ORDER BY "users"."id" ASC LIMIT 1[0m


Started POST "/users/sign_in" for 127.0.0.1 at 2014-09-10 17:31:48 -0400
Processing by SessionsController#create as JSON
  Parameters: {"user"=>{"email"=>"test@example.com", "password"=>"[FILTERED]"}}
Can't verify CSRF token authenticity
  [1m[35mUser Load (1.0ms)[0m  SELECT  "users".* FROM "users"  WHERE "users"."email" = 'test@example.com'  ORDER BY "users"."id" ASC LIMIT 1
  [1m[36m (0.2ms)[0m  [1mBEGIN[0m
  [1m[35mSQL (0.3ms)[0m  UPDATE "users" SET "current_sign_in_at" = $1, "last_sign_in_at" = $2, "sign_in_count" = $3, "updated_at" = $4 WHERE "users"."id" = 11  [["current_sign_in_at", "2014-09-10 21:31:48.481838"], ["last_sign_in_at", "2014-09-10 21:30:57.820964"], ["sign_in_count", 14], ["updated_at", "2014-09-10 21:31:48.487327"]]
  [1m[36m (0.6ms)[0m  [1mCOMMIT[0m
Completed 201 Created in 119ms (Views: 1.9ms | ActiveRecord: 2.1ms)


Started GET "/api/v1/users/11" for 127.0.0.1 at 2014-09-10 17:31:48 -0400
  [1m[35mUser Load (0.5ms)[0m  SELECT  "users".* FROM "users"  WHERE "users"."id" = 11  ORDER BY "users"."id" ASC LIMIT 1


Started POST "/users/sign_in" for 127.0.0.1 at 2014-09-10 18:56:32 -0400
Processing by SessionsController#create as JSON
  Parameters: {"user"=>{"email"=>"test@example.com", "password"=>"[FILTERED]"}}
Can't verify CSRF token authenticity
  [1m[36mUser Load (21.3ms)[0m  [1mSELECT  "users".* FROM "users"  WHERE "users"."email" = 'test@example.com'  ORDER BY "users"."id" ASC LIMIT 1[0m
  [1m[35m (6.2ms)[0m  BEGIN
  [1m[36mSQL (7.7ms)[0m  [1mUPDATE "users" SET "current_sign_in_at" = $1, "last_sign_in_at" = $2, "sign_in_count" = $3, "updated_at" = $4 WHERE "users"."id" = 11[0m  [["current_sign_in_at", "2014-09-10 22:56:32.835560"], ["last_sign_in_at", "2014-09-10 21:31:48.481838"], ["sign_in_count", 15], ["updated_at", "2014-09-10 22:56:32.849651"]]
  [1m[35m (159.0ms)[0m  COMMIT
Completed 201 Created in 378ms (Views: 7.4ms | ActiveRecord: 194.1ms)


Started GET "/api/v1/users/11" for 127.0.0.1 at 2014-09-10 18:56:33 -0400
  [1m[36mUser Load (1.0ms)[0m  [1mSELECT  "users".* FROM "users"  WHERE "users"."id" = 11  ORDER BY "users"."id" ASC LIMIT 1[0m


Started POST "/users/sign_in" for 127.0.0.1 at 2014-09-10 18:57:22 -0400
Processing by SessionsController#create as JSON
  Parameters: {"user"=>{"email"=>"test@example.com", "password"=>"[FILTERED]"}}
Can't verify CSRF token authenticity
  [1m[35mUser Load (0.7ms)[0m  SELECT  "users".* FROM "users"  WHERE "users"."email" = 'test@example.com'  ORDER BY "users"."id" ASC LIMIT 1
  [1m[36m (0.2ms)[0m  [1mBEGIN[0m
  [1m[35mSQL (0.4ms)[0m  UPDATE "users" SET "current_sign_in_at" = $1, "last_sign_in_at" = $2, "sign_in_count" = $3, "updated_at" = $4 WHERE "users"."id" = 11  [["current_sign_in_at", "2014-09-10 22:57:22.836490"], ["last_sign_in_at", "2014-09-10 22:56:32.835560"], ["sign_in_count", 16], ["updated_at", "2014-09-10 22:57:22.842624"]]
  [1m[36m (0.5ms)[0m  [1mCOMMIT[0m
Completed 201 Created in 114ms (Views: 2.3ms | ActiveRecord: 1.8ms)


Started GET "/api/v1/users/11" for 127.0.0.1 at 2014-09-10 18:57:22 -0400
  [1m[35mUser Load (1.4ms)[0m  SELECT  "users".* FROM "users"  WHERE "users"."id" = 11  ORDER BY "users"."id" ASC LIMIT 1


Started GET "/api/v1/users/1" for 127.0.0.1 at 2014-09-10 18:57:22 -0400
  [1m[36mUser Load (0.6ms)[0m  [1mSELECT  "users".* FROM "users"  WHERE "users"."id" = 1  ORDER BY "users"."id" ASC LIMIT 1[0m


Started POST "/users/sign_in" for 127.0.0.1 at 2014-09-10 18:59:03 -0400
Processing by SessionsController#create as JSON
  Parameters: {"user"=>{"email"=>"test@example.com", "password"=>"[FILTERED]"}}
Can't verify CSRF token authenticity
  [1m[35mUser Load (0.8ms)[0m  SELECT  "users".* FROM "users"  WHERE "users"."email" = 'test@example.com'  ORDER BY "users"."id" ASC LIMIT 1
  [1m[36m (0.2ms)[0m  [1mBEGIN[0m
  [1m[35mSQL (0.3ms)[0m  UPDATE "users" SET "current_sign_in_at" = $1, "last_sign_in_at" = $2, "sign_in_count" = $3, "updated_at" = $4 WHERE "users"."id" = 11  [["current_sign_in_at", "2014-09-10 22:59:03.930128"], ["last_sign_in_at", "2014-09-10 22:57:22.836490"], ["sign_in_count", 17], ["updated_at", "2014-09-10 22:59:03.934107"]]
  [1m[36m (0.4ms)[0m  [1mCOMMIT[0m
Completed 201 Created in 111ms (Views: 2.4ms | ActiveRecord: 1.7ms)


Started GET "/api/v1/users/11" for 127.0.0.1 at 2014-09-10 18:59:04 -0400
  [1m[35mUser Load (0.6ms)[0m  SELECT  "users".* FROM "users"  WHERE "users"."id" = 11  ORDER BY "users"."id" ASC LIMIT 1


Started GET "/api/v1/users/1" for 127.0.0.1 at 2014-09-10 18:59:04 -0400
  [1m[36mUser Load (0.6ms)[0m  [1mSELECT  "users".* FROM "users"  WHERE "users"."id" = 1  ORDER BY "users"."id" ASC LIMIT 1[0m


Started POST "/users/sign_in" for 127.0.0.1 at 2014-09-10 19:00:04 -0400
Processing by SessionsController#create as JSON
  Parameters: {"user"=>{"email"=>"test@example.com", "password"=>"[FILTERED]"}}
Can't verify CSRF token authenticity
  [1m[35mUser Load (1.5ms)[0m  SELECT  "users".* FROM "users"  WHERE "users"."email" = 'test@example.com'  ORDER BY "users"."id" ASC LIMIT 1
  [1m[36m (0.2ms)[0m  [1mBEGIN[0m
  [1m[35mSQL (0.3ms)[0m  UPDATE "users" SET "current_sign_in_at" = $1, "last_sign_in_at" = $2, "sign_in_count" = $3, "updated_at" = $4 WHERE "users"."id" = 11  [["current_sign_in_at", "2014-09-10 23:00:04.793278"], ["last_sign_in_at", "2014-09-10 22:59:03.930128"], ["sign_in_count", 18], ["updated_at", "2014-09-10 23:00:04.797807"]]
  [1m[36m (0.7ms)[0m  [1mCOMMIT[0m
Completed 201 Created in 112ms (Views: 2.8ms | ActiveRecord: 2.7ms)


Started GET "/api/v1/users/1" for 127.0.0.1 at 2014-09-10 19:00:04 -0400
  [1m[35mUser Load (1.3ms)[0m  SELECT  "users".* FROM "users"  WHERE "users"."id" = 1  ORDER BY "users"."id" ASC LIMIT 1


Started POST "/users/sign_in" for 127.0.0.1 at 2014-09-10 19:01:08 -0400
Processing by SessionsController#create as JSON
  Parameters: {"user"=>{"email"=>"test@example.com", "password"=>"[FILTERED]"}}
Can't verify CSRF token authenticity
  [1m[36mUser Load (0.6ms)[0m  [1mSELECT  "users".* FROM "users"  WHERE "users"."email" = 'test@example.com'  ORDER BY "users"."id" ASC LIMIT 1[0m
  [1m[35m (0.2ms)[0m  BEGIN
  [1m[36mSQL (0.3ms)[0m  [1mUPDATE "users" SET "current_sign_in_at" = $1, "last_sign_in_at" = $2, "sign_in_count" = $3, "updated_at" = $4 WHERE "users"."id" = 11[0m  [["current_sign_in_at", "2014-09-10 23:01:09.083299"], ["last_sign_in_at", "2014-09-10 23:00:04.793278"], ["sign_in_count", 19], ["updated_at", "2014-09-10 23:01:09.087625"]]
  [1m[35m (0.5ms)[0m  COMMIT
Completed 201 Created in 113ms (Views: 2.1ms | ActiveRecord: 1.5ms)


Started GET "/api/v1/users/1" for 127.0.0.1 at 2014-09-10 19:01:09 -0400
  [1m[36mUser Load (0.6ms)[0m  [1mSELECT  "users".* FROM "users"  WHERE "users"."id" = 1  ORDER BY "users"."id" ASC LIMIT 1[0m


Started POST "/users/sign_in" for 127.0.0.1 at 2014-09-10 19:07:49 -0400
Processing by SessionsController#create as JSON
  Parameters: {"user"=>{"email"=>"test@example.com", "password"=>"[FILTERED]"}}
Can't verify CSRF token authenticity
  [1m[35mUser Load (0.6ms)[0m  SELECT  "users".* FROM "users"  WHERE "users"."email" = 'test@example.com'  ORDER BY "users"."id" ASC LIMIT 1
  [1m[36m (0.2ms)[0m  [1mBEGIN[0m
  [1m[35mSQL (0.3ms)[0m  UPDATE "users" SET "current_sign_in_at" = $1, "last_sign_in_at" = $2, "sign_in_count" = $3, "updated_at" = $4 WHERE "users"."id" = 11  [["current_sign_in_at", "2014-09-10 23:07:49.356094"], ["last_sign_in_at", "2014-09-10 23:01:09.083299"], ["sign_in_count", 20], ["updated_at", "2014-09-10 23:07:49.360335"]]
  [1m[36m (6.5ms)[0m  [1mCOMMIT[0m
Completed 201 Created in 118ms (Views: 2.0ms | ActiveRecord: 7.6ms)


Started GET "/api/v1/users/11" for 127.0.0.1 at 2014-09-10 19:07:49 -0400
  [1m[35mUser Load (0.6ms)[0m  SELECT  "users".* FROM "users"  WHERE "users"."id" = 11  ORDER BY "users"."id" ASC LIMIT 1


Started GET "/api/v1/users/1" for 127.0.0.1 at 2014-09-10 19:07:49 -0400
  [1m[36mUser Load (0.6ms)[0m  [1mSELECT  "users".* FROM "users"  WHERE "users"."id" = 1  ORDER BY "users"."id" ASC LIMIT 1[0m


Started POST "/users/sign_in" for 127.0.0.1 at 2014-09-10 19:17:07 -0400
Processing by SessionsController#create as JSON
  Parameters: {"user"=>{"email"=>"test@example.com", "password"=>"[FILTERED]"}}
Can't verify CSRF token authenticity
  [1m[35mUser Load (0.6ms)[0m  SELECT  "users".* FROM "users"  WHERE "users"."email" = 'test@example.com'  ORDER BY "users"."id" ASC LIMIT 1
  [1m[36m (0.2ms)[0m  [1mBEGIN[0m
  [1m[35mSQL (0.5ms)[0m  UPDATE "users" SET "current_sign_in_at" = $1, "last_sign_in_at" = $2, "sign_in_count" = $3, "updated_at" = $4 WHERE "users"."id" = 11  [["current_sign_in_at", "2014-09-10 23:17:07.463164"], ["last_sign_in_at", "2014-09-10 23:07:49.356094"], ["sign_in_count", 21], ["updated_at", "2014-09-10 23:17:07.467624"]]
  [1m[36m (0.7ms)[0m  [1mCOMMIT[0m
Completed 201 Created in 122ms (Views: 4.6ms | ActiveRecord: 1.9ms)


Started POST "/users/sign_in" for 127.0.0.1 at 2014-09-10 19:18:49 -0400
  [1m[36mActiveRecord::SchemaMigration Load (0.7ms)[0m  [1mSELECT "schema_migrations".* FROM "schema_migrations"[0m

SyntaxError - syntax error, unexpected tIDENTIFIER, expecting '}'
          user_id: self.resource.id
                 ^
/Users/vorDd/sandbox/rails-projects/linl-api/app/controllers/sessions_controller.rb:12: syntax error, unexpected '}', expecting keyword_end:
   () Users/vorDd/sandbox/rails-projects/linl-api/app/controllers/sessions_controller.rb:11:in `'
  activesupport (4.1.5) lib/active_support/dependencies.rb:443:in `block in load_file'
  activesupport (4.1.5) lib/active_support/dependencies.rb:633:in `new_constants_in'
  activesupport (4.1.5) lib/active_support/dependencies.rb:442:in `load_file'
  activesupport (4.1.5) lib/active_support/dependencies.rb:342:in `require_or_load'
  activesupport (4.1.5) lib/active_support/dependencies.rb:480:in `load_missing_constant'
  activesupport (4.1.5) lib/active_support/dependencies.rb:180:in `const_missing'
  activesupport (4.1.5) lib/active_support/inflector/methods.rb:238:in `block in constantize'
  activesupport (4.1.5) lib/active_support/inflector/methods.rb:236:in `constantize'
  activesupport (4.1.5) lib/active_support/dependencies.rb:552:in `get'
  activesupport (4.1.5) lib/active_support/dependencies.rb:583:in `constantize'
  actionpack (4.1.5) lib/action_dispatch/routing/route_set.rb:78:in `controller_reference'
  actionpack (4.1.5) lib/action_dispatch/routing/route_set.rb:68:in `controller'
  actionpack (4.1.5) lib/action_dispatch/routing/route_set.rb:46:in `call'
  actionpack (4.1.5) lib/action_dispatch/routing/mapper.rb:45:in `call'
  actionpack (4.1.5) lib/action_dispatch/journey/router.rb:71:in `block in call'
  actionpack (4.1.5) lib/action_dispatch/journey/router.rb:59:in `call'
  actionpack (4.1.5) lib/action_dispatch/routing/route_set.rb:678:in `call'
  meta_request (0.3.4) lib/meta_request/middlewares/app_request_handler.rb:13:in `call'
  meta_request (0.3.4) lib/meta_request/middlewares/meta_request_handler.rb:13:in `call'
  rack-cors (0.2.9) lib/rack/cors.rb:54:in `call'
  warden (1.2.3) lib/warden/manager.rb:35:in `block in call'
  warden (1.2.3) lib/warden/manager.rb:34:in `call'
  rack (1.5.2) lib/rack/etag.rb:23:in `call'
  rack (1.5.2) lib/rack/conditionalget.rb:35:in `call'
  rack (1.5.2) lib/rack/head.rb:11:in `call'
  actionpack (4.1.5) lib/action_dispatch/middleware/params_parser.rb:27:in `call'
  actionpack (4.1.5) lib/action_dispatch/middleware/cookies.rb:560:in `call'
  activerecord (4.1.5) lib/active_record/query_cache.rb:36:in `call'
  activerecord (4.1.5) lib/active_record/connection_adapters/abstract/connection_pool.rb:621:in `call'
  activerecord (4.1.5) lib/active_record/migration.rb:380:in `call'
  actionpack (4.1.5) lib/action_dispatch/middleware/callbacks.rb:29:in `block in call'
  activesupport (4.1.5) lib/active_support/callbacks.rb:82:in `run_callbacks'
  actionpack (4.1.5) lib/action_dispatch/middleware/callbacks.rb:27:in `call'
  actionpack (4.1.5) lib/action_dispatch/middleware/reloader.rb:73:in `call'
  actionpack (4.1.5) lib/action_dispatch/middleware/remote_ip.rb:76:in `call'
  better_errors (2.0.0) lib/better_errors/middleware.rb:84:in `protected_app_call'
  better_errors (2.0.0) lib/better_errors/middleware.rb:79:in `better_errors_call'
  better_errors (2.0.0) lib/better_errors/middleware.rb:57:in `call'
  rack-contrib (1.1.0) lib/rack/contrib/response_headers.rb:17:in `call'
  meta_request (0.3.4) lib/meta_request/middlewares/headers.rb:16:in `call'
  actionpack (4.1.5) lib/action_dispatch/middleware/debug_exceptions.rb:17:in `call'
  actionpack (4.1.5) lib/action_dispatch/middleware/show_exceptions.rb:30:in `call'
  railties (4.1.5) lib/rails/rack/logger.rb:38:in `call_app'
  railties (4.1.5) lib/rails/rack/logger.rb:20:in `block in call'
  activesupport (4.1.5) lib/active_support/tagged_logging.rb:68:in `block in tagged'
  activesupport (4.1.5) lib/active_support/tagged_logging.rb:26:in `tagged'
  activesupport (4.1.5) lib/active_support/tagged_logging.rb:68:in `tagged'
  railties (4.1.5) lib/rails/rack/logger.rb:20:in `call'
  quiet_assets (1.0.3) lib/quiet_assets.rb:23:in `call_with_quiet_assets'
  actionpack (4.1.5) lib/action_dispatch/middleware/request_id.rb:21:in `call'
  rack (1.5.2) lib/rack/methodoverride.rb:21:in `call'
  rack (1.5.2) lib/rack/runtime.rb:17:in `call'
  activesupport (4.1.5) lib/active_support/cache/strategy/local_cache_middleware.rb:26:in `call'
  rack (1.5.2) lib/rack/lock.rb:17:in `call'
  actionpack (4.1.5) lib/action_dispatch/middleware/static.rb:64:in `call'
  rack (1.5.2) lib/rack/sendfile.rb:112:in `call'
  railties (4.1.5) lib/rails/engine.rb:514:in `call'
  railties (4.1.5) lib/rails/application.rb:144:in `call'
  rack (1.5.2) lib/rack/lock.rb:17:in `call'
  rack (1.5.2) lib/rack/content_length.rb:14:in `call'
  rack (1.5.2) lib/rack/handler/webrick.rb:60:in `service'
   () Users/vorDd/.rvm/rubies/ruby-2.1.2/lib/ruby/2.1.0/webrick/httpserver.rb:138:in `service'
   () Users/vorDd/.rvm/rubies/ruby-2.1.2/lib/ruby/2.1.0/webrick/httpserver.rb:94:in `run'
   () Users/vorDd/.rvm/rubies/ruby-2.1.2/lib/ruby/2.1.0/webrick/server.rb:295:in `block in start_thread'



Started POST "/users/sign_in" for 127.0.0.1 at 2014-09-10 19:19:32 -0400
  [1m[36mActiveRecord::SchemaMigration Load (0.7ms)[0m  [1mSELECT "schema_migrations".* FROM "schema_migrations"[0m
Processing by SessionsController#create as JSON
  Parameters: {"user"=>{"email"=>"test@example.com", "password"=>"[FILTERED]"}}
Can't verify CSRF token authenticity
  [1m[35mUser Load (1.7ms)[0m  SELECT  "users".* FROM "users"  WHERE "users"."email" = 'test@example.com'  ORDER BY "users"."id" ASC LIMIT 1
  [1m[36m (0.2ms)[0m  [1mBEGIN[0m
  [1m[35mSQL (0.5ms)[0m  UPDATE "users" SET "current_sign_in_at" = $1, "last_sign_in_at" = $2, "sign_in_count" = $3, "updated_at" = $4 WHERE "users"."id" = 11  [["current_sign_in_at", "2014-09-10 23:19:32.408537"], ["last_sign_in_at", "2014-09-10 23:17:07.463164"], ["sign_in_count", 22], ["updated_at", "2014-09-10 23:19:32.413929"]]
  [1m[36m (18.9ms)[0m  [1mCOMMIT[0m
Completed 201 Created in 224ms (Views: 3.1ms | ActiveRecord: 48.3ms)


Started GET "/api/v1/users/1" for 127.0.0.1 at 2014-09-10 19:19:48 -0400
  [1m[35mUser Load (2.7ms)[0m  SELECT  "users".* FROM "users"  WHERE "users"."id" = 1  ORDER BY "users"."id" ASC LIMIT 1


Started GET "/api/v1/users/11" for 127.0.0.1 at 2014-09-10 19:30:20 -0400
  [1m[36mActiveRecord::SchemaMigration Load (8.2ms)[0m  [1mSELECT "schema_migrations".* FROM "schema_migrations"[0m
  [1m[35mUser Load (9.1ms)[0m  SELECT  "users".* FROM "users"  WHERE "users"."id" = 11  ORDER BY "users"."id" ASC LIMIT 1


Started GET "/api/v1/users/1" for 127.0.0.1 at 2014-09-10 19:30:21 -0400
  [1m[36mUser Load (1.1ms)[0m  [1mSELECT  "users".* FROM "users"  WHERE "users"."id" = 1  ORDER BY "users"."id" ASC LIMIT 1[0m


Started GET "/api/v1/users/11" for 127.0.0.1 at 2014-09-10 19:30:57 -0400
  [1m[35mUser Load (0.5ms)[0m  SELECT  "users".* FROM "users"  WHERE "users"."id" = 11  ORDER BY "users"."id" ASC LIMIT 1


Started GET "/api/v1/users/1" for 127.0.0.1 at 2014-09-10 19:30:57 -0400
  [1m[36mUser Load (0.7ms)[0m  [1mSELECT  "users".* FROM "users"  WHERE "users"."id" = 1  ORDER BY "users"."id" ASC LIMIT 1[0m


Started GET "/api/v1/users/11" for 127.0.0.1 at 2014-09-10 19:31:06 -0400
  [1m[35mUser Load (0.9ms)[0m  SELECT  "users".* FROM "users"  WHERE "users"."id" = 11  ORDER BY "users"."id" ASC LIMIT 1


Started GET "/api/v1/users/1" for 127.0.0.1 at 2014-09-10 19:31:06 -0400
  [1m[36mUser Load (0.5ms)[0m  [1mSELECT  "users".* FROM "users"  WHERE "users"."id" = 1  ORDER BY "users"."id" ASC LIMIT 1[0m


Started GET "/api/v1/users/11" for 127.0.0.1 at 2014-09-10 19:32:52 -0400
  [1m[35mUser Load (0.6ms)[0m  SELECT  "users".* FROM "users"  WHERE "users"."id" = 11  ORDER BY "users"."id" ASC LIMIT 1


Started GET "/api/v1/users/1" for 127.0.0.1 at 2014-09-10 19:32:52 -0400
  [1m[36mUser Load (0.5ms)[0m  [1mSELECT  "users".* FROM "users"  WHERE "users"."id" = 1  ORDER BY "users"."id" ASC LIMIT 1[0m


Started GET "/api/v1/users/11" for 127.0.0.1 at 2014-09-10 19:33:09 -0400
  [1m[35mUser Load (0.5ms)[0m  SELECT  "users".* FROM "users"  WHERE "users"."id" = 11  ORDER BY "users"."id" ASC LIMIT 1


Started GET "/api/v1/users/1" for 127.0.0.1 at 2014-09-10 19:33:09 -0400
  [1m[36mUser Load (0.5ms)[0m  [1mSELECT  "users".* FROM "users"  WHERE "users"."id" = 1  ORDER BY "users"."id" ASC LIMIT 1[0m


Started GET "/api/v1/users/11" for 127.0.0.1 at 2014-09-10 19:33:38 -0400
  [1m[35mUser Load (0.5ms)[0m  SELECT  "users".* FROM "users"  WHERE "users"."id" = 11  ORDER BY "users"."id" ASC LIMIT 1


Started GET "/api/v1/users/1" for 127.0.0.1 at 2014-09-10 19:33:38 -0400
  [1m[36mUser Load (0.6ms)[0m  [1mSELECT  "users".* FROM "users"  WHERE "users"."id" = 1  ORDER BY "users"."id" ASC LIMIT 1[0m


Started GET "/api/v1/users/11" for 127.0.0.1 at 2014-09-10 19:35:56 -0400
  [1m[35mUser Load (0.6ms)[0m  SELECT  "users".* FROM "users"  WHERE "users"."id" = 11  ORDER BY "users"."id" ASC LIMIT 1


Started GET "/api/v1/users/1" for 127.0.0.1 at 2014-09-10 19:35:56 -0400
  [1m[36mUser Load (0.7ms)[0m  [1mSELECT  "users".* FROM "users"  WHERE "users"."id" = 1  ORDER BY "users"."id" ASC LIMIT 1[0m


Started GET "/api/v1/users/11" for 127.0.0.1 at 2014-09-10 19:38:21 -0400
  [1m[35mUser Load (0.6ms)[0m  SELECT  "users".* FROM "users"  WHERE "users"."id" = 11  ORDER BY "users"."id" ASC LIMIT 1


Started GET "/api/v1/users/1" for 127.0.0.1 at 2014-09-10 19:38:21 -0400
  [1m[36mUser Load (1.0ms)[0m  [1mSELECT  "users".* FROM "users"  WHERE "users"."id" = 1  ORDER BY "users"."id" ASC LIMIT 1[0m


Started GET "/api/v1/users/11" for 127.0.0.1 at 2014-09-10 19:38:53 -0400
  [1m[35mUser Load (0.5ms)[0m  SELECT  "users".* FROM "users"  WHERE "users"."id" = 11  ORDER BY "users"."id" ASC LIMIT 1


Started GET "/api/v1/users/1" for 127.0.0.1 at 2014-09-10 19:38:54 -0400
  [1m[36mUser Load (0.5ms)[0m  [1mSELECT  "users".* FROM "users"  WHERE "users"."id" = 1  ORDER BY "users"."id" ASC LIMIT 1[0m


Started GET "/api/v1/users/11" for 127.0.0.1 at 2014-09-10 19:39:04 -0400
  [1m[35mUser Load (0.5ms)[0m  SELECT  "users".* FROM "users"  WHERE "users"."id" = 11  ORDER BY "users"."id" ASC LIMIT 1


Started GET "/api/v1/users/1" for 127.0.0.1 at 2014-09-10 19:39:05 -0400
  [1m[36mUser Load (0.7ms)[0m  [1mSELECT  "users".* FROM "users"  WHERE "users"."id" = 1  ORDER BY "users"."id" ASC LIMIT 1[0m


Started GET "/api/v1/users/11" for 127.0.0.1 at 2014-09-10 19:39:16 -0400
  [1m[35mUser Load (0.6ms)[0m  SELECT  "users".* FROM "users"  WHERE "users"."id" = 11  ORDER BY "users"."id" ASC LIMIT 1


Started GET "/api/v1/users/1" for 127.0.0.1 at 2014-09-10 19:39:16 -0400
  [1m[36mUser Load (0.5ms)[0m  [1mSELECT  "users".* FROM "users"  WHERE "users"."id" = 1  ORDER BY "users"."id" ASC LIMIT 1[0m


Started GET "/api/v1/users/11" for 127.0.0.1 at 2014-09-10 19:39:24 -0400
  [1m[35mUser Load (0.5ms)[0m  SELECT  "users".* FROM "users"  WHERE "users"."id" = 11  ORDER BY "users"."id" ASC LIMIT 1


Started GET "/api/v1/users/11" for 127.0.0.1 at 2014-09-10 19:39:31 -0400
  [1m[36mUser Load (0.5ms)[0m  [1mSELECT  "users".* FROM "users"  WHERE "users"."id" = 11  ORDER BY "users"."id" ASC LIMIT 1[0m


Started GET "/api/v1/users/11" for 127.0.0.1 at 2014-09-10 19:39:56 -0400
  [1m[35mUser Load (0.6ms)[0m  SELECT  "users".* FROM "users"  WHERE "users"."id" = 11  ORDER BY "users"."id" ASC LIMIT 1


Started GET "/api/v1/users/1" for 127.0.0.1 at 2014-09-10 19:39:56 -0400
  [1m[36mUser Load (0.5ms)[0m  [1mSELECT  "users".* FROM "users"  WHERE "users"."id" = 1  ORDER BY "users"."id" ASC LIMIT 1[0m


Started GET "/api/v1/users/11" for 127.0.0.1 at 2014-09-10 19:40:05 -0400
  [1m[35mUser Load (0.9ms)[0m  SELECT  "users".* FROM "users"  WHERE "users"."id" = 11  ORDER BY "users"."id" ASC LIMIT 1


Started GET "/api/v1/users/1" for 127.0.0.1 at 2014-09-10 19:40:05 -0400
  [1m[36mUser Load (0.5ms)[0m  [1mSELECT  "users".* FROM "users"  WHERE "users"."id" = 1  ORDER BY "users"."id" ASC LIMIT 1[0m


Started GET "/api/v1/users/11" for 127.0.0.1 at 2014-09-10 19:43:53 -0400
  [1m[35mUser Load (0.5ms)[0m  SELECT  "users".* FROM "users"  WHERE "users"."id" = 11  ORDER BY "users"."id" ASC LIMIT 1


Started GET "/api/v1/users/1" for 127.0.0.1 at 2014-09-10 19:43:53 -0400
  [1m[36mUser Load (0.5ms)[0m  [1mSELECT  "users".* FROM "users"  WHERE "users"."id" = 1  ORDER BY "users"."id" ASC LIMIT 1[0m


Started GET "/api/v1/users/11" for 127.0.0.1 at 2014-09-10 19:44:22 -0400
  [1m[35mUser Load (0.5ms)[0m  SELECT  "users".* FROM "users"  WHERE "users"."id" = 11  ORDER BY "users"."id" ASC LIMIT 1


Started GET "/api/v1/users/1" for 127.0.0.1 at 2014-09-10 19:44:22 -0400
  [1m[36mUser Load (0.5ms)[0m  [1mSELECT  "users".* FROM "users"  WHERE "users"."id" = 1  ORDER BY "users"."id" ASC LIMIT 1[0m


Started GET "/api/v1/users/11" for 127.0.0.1 at 2014-09-10 19:48:09 -0400
  [1m[35mUser Load (5.9ms)[0m  SELECT  "users".* FROM "users"  WHERE "users"."id" = 11  ORDER BY "users"."id" ASC LIMIT 1


Started GET "/api/v1/users/11" for 127.0.0.1 at 2014-09-10 19:48:20 -0400
  [1m[36mUser Load (0.6ms)[0m  [1mSELECT  "users".* FROM "users"  WHERE "users"."id" = 11  ORDER BY "users"."id" ASC LIMIT 1[0m


Started GET "/api/v1/users/1" for 127.0.0.1 at 2014-09-10 19:48:20 -0400
  [1m[35mUser Load (0.5ms)[0m  SELECT  "users".* FROM "users"  WHERE "users"."id" = 1  ORDER BY "users"."id" ASC LIMIT 1


Started GET "/api/v1/users/11" for 127.0.0.1 at 2014-09-10 19:48:28 -0400
  [1m[36mUser Load (0.5ms)[0m  [1mSELECT  "users".* FROM "users"  WHERE "users"."id" = 11  ORDER BY "users"."id" ASC LIMIT 1[0m


Started GET "/api/v1/users/1" for 127.0.0.1 at 2014-09-10 19:48:29 -0400
  [1m[35mUser Load (0.5ms)[0m  SELECT  "users".* FROM "users"  WHERE "users"."id" = 1  ORDER BY "users"."id" ASC LIMIT 1


Started GET "/api/v1/users/11" for 127.0.0.1 at 2014-09-10 19:48:57 -0400
  [1m[36mUser Load (0.8ms)[0m  [1mSELECT  "users".* FROM "users"  WHERE "users"."id" = 11  ORDER BY "users"."id" ASC LIMIT 1[0m


Started GET "/api/v1/users/1" for 127.0.0.1 at 2014-09-10 19:48:58 -0400
  [1m[35mUser Load (0.8ms)[0m  SELECT  "users".* FROM "users"  WHERE "users"."id" = 1  ORDER BY "users"."id" ASC LIMIT 1


Started GET "/api/v1/users/11" for 127.0.0.1 at 2014-09-10 19:49:08 -0400
  [1m[36mUser Load (0.5ms)[0m  [1mSELECT  "users".* FROM "users"  WHERE "users"."id" = 11  ORDER BY "users"."id" ASC LIMIT 1[0m


Started GET "/api/v1/users/1" for 127.0.0.1 at 2014-09-10 19:49:08 -0400
  [1m[35mUser Load (0.5ms)[0m  SELECT  "users".* FROM "users"  WHERE "users"."id" = 1  ORDER BY "users"."id" ASC LIMIT 1


Started GET "/api/v1/users/11" for 127.0.0.1 at 2014-09-10 19:49:16 -0400
  [1m[36mUser Load (0.5ms)[0m  [1mSELECT  "users".* FROM "users"  WHERE "users"."id" = 11  ORDER BY "users"."id" ASC LIMIT 1[0m


Started GET "/api/v1/users/1" for 127.0.0.1 at 2014-09-10 19:49:16 -0400
  [1m[35mUser Load (0.5ms)[0m  SELECT  "users".* FROM "users"  WHERE "users"."id" = 1  ORDER BY "users"."id" ASC LIMIT 1


Started GET "/api/v1/users/11" for 127.0.0.1 at 2014-09-10 19:49:33 -0400
  [1m[36mUser Load (0.5ms)[0m  [1mSELECT  "users".* FROM "users"  WHERE "users"."id" = 11  ORDER BY "users"."id" ASC LIMIT 1[0m


Started GET "/api/v1/users/1" for 127.0.0.1 at 2014-09-10 19:49:33 -0400
  [1m[35mUser Load (0.5ms)[0m  SELECT  "users".* FROM "users"  WHERE "users"."id" = 1  ORDER BY "users"."id" ASC LIMIT 1


Started GET "/api/v1/users/11" for 127.0.0.1 at 2014-09-10 19:49:41 -0400
  [1m[36mUser Load (0.5ms)[0m  [1mSELECT  "users".* FROM "users"  WHERE "users"."id" = 11  ORDER BY "users"."id" ASC LIMIT 1[0m


Started GET "/api/v1/users/1" for 127.0.0.1 at 2014-09-10 19:49:42 -0400
  [1m[35mUser Load (0.5ms)[0m  SELECT  "users".* FROM "users"  WHERE "users"."id" = 1  ORDER BY "users"."id" ASC LIMIT 1


Started GET "/api/v1/users/11" for 127.0.0.1 at 2014-09-10 19:49:52 -0400
  [1m[36mUser Load (0.5ms)[0m  [1mSELECT  "users".* FROM "users"  WHERE "users"."id" = 11  ORDER BY "users"."id" ASC LIMIT 1[0m


Started GET "/api/v1/users/1" for 127.0.0.1 at 2014-09-10 19:49:52 -0400
  [1m[35mUser Load (1.5ms)[0m  SELECT  "users".* FROM "users"  WHERE "users"."id" = 1  ORDER BY "users"."id" ASC LIMIT 1


Started GET "/api/v1/users/11" for 127.0.0.1 at 2014-09-10 19:50:12 -0400
  [1m[36mUser Load (0.6ms)[0m  [1mSELECT  "users".* FROM "users"  WHERE "users"."id" = 11  ORDER BY "users"."id" ASC LIMIT 1[0m


Started GET "/api/v1/users/1" for 127.0.0.1 at 2014-09-10 19:50:13 -0400
  [1m[35mUser Load (0.6ms)[0m  SELECT  "users".* FROM "users"  WHERE "users"."id" = 1  ORDER BY "users"."id" ASC LIMIT 1


Started GET "/api/v1/users/11" for 127.0.0.1 at 2014-09-10 19:51:15 -0400
  [1m[36mUser Load (28.7ms)[0m  [1mSELECT  "users".* FROM "users"  WHERE "users"."id" = 11  ORDER BY "users"."id" ASC LIMIT 1[0m


Started GET "/api/v1/users/1" for 127.0.0.1 at 2014-09-10 19:51:15 -0400
  [1m[35mUser Load (0.6ms)[0m  SELECT  "users".* FROM "users"  WHERE "users"."id" = 1  ORDER BY "users"."id" ASC LIMIT 1


Started GET "/api/v1/users/11" for 127.0.0.1 at 2014-09-10 19:51:24 -0400
  [1m[36mUser Load (0.5ms)[0m  [1mSELECT  "users".* FROM "users"  WHERE "users"."id" = 11  ORDER BY "users"."id" ASC LIMIT 1[0m


Started GET "/api/v1/users/1" for 127.0.0.1 at 2014-09-10 19:51:24 -0400
  [1m[35mUser Load (0.5ms)[0m  SELECT  "users".* FROM "users"  WHERE "users"."id" = 1  ORDER BY "users"."id" ASC LIMIT 1


Started GET "/api/v1/users/11" for 127.0.0.1 at 2014-09-10 19:51:32 -0400
  [1m[36mUser Load (0.5ms)[0m  [1mSELECT  "users".* FROM "users"  WHERE "users"."id" = 11  ORDER BY "users"."id" ASC LIMIT 1[0m


Started GET "/api/v1/users/11" for 127.0.0.1 at 2014-09-10 19:52:01 -0400
  [1m[35mUser Load (0.5ms)[0m  SELECT  "users".* FROM "users"  WHERE "users"."id" = 11  ORDER BY "users"."id" ASC LIMIT 1


Started GET "/api/v1/users/11" for 127.0.0.1 at 2014-09-10 19:53:43 -0400
  [1m[36mUser Load (0.6ms)[0m  [1mSELECT  "users".* FROM "users"  WHERE "users"."id" = 11  ORDER BY "users"."id" ASC LIMIT 1[0m


Started GET "/api/v1/users/11" for 127.0.0.1 at 2014-09-10 19:54:38 -0400
  [1m[35mUser Load (0.5ms)[0m  SELECT  "users".* FROM "users"  WHERE "users"."id" = 11  ORDER BY "users"."id" ASC LIMIT 1


Started GET "/api/v1/users/1" for 127.0.0.1 at 2014-09-10 19:54:39 -0400
  [1m[36mUser Load (0.5ms)[0m  [1mSELECT  "users".* FROM "users"  WHERE "users"."id" = 1  ORDER BY "users"."id" ASC LIMIT 1[0m


Started GET "/api/v1/users/11" for 127.0.0.1 at 2014-09-10 19:55:02 -0400
  [1m[35mUser Load (0.6ms)[0m  SELECT  "users".* FROM "users"  WHERE "users"."id" = 11  ORDER BY "users"."id" ASC LIMIT 1


Started GET "/api/v1/users/1" for 127.0.0.1 at 2014-09-10 19:55:02 -0400
  [1m[36mUser Load (0.5ms)[0m  [1mSELECT  "users".* FROM "users"  WHERE "users"."id" = 1  ORDER BY "users"."id" ASC LIMIT 1[0m


Started GET "/api/v1/users/11" for 127.0.0.1 at 2014-09-10 19:56:25 -0400
  [1m[35mUser Load (6.1ms)[0m  SELECT  "users".* FROM "users"  WHERE "users"."id" = 11  ORDER BY "users"."id" ASC LIMIT 1


Started GET "/api/v1/users/11" for 127.0.0.1 at 2014-09-10 19:56:47 -0400
  [1m[36mUser Load (0.6ms)[0m  [1mSELECT  "users".* FROM "users"  WHERE "users"."id" = 11  ORDER BY "users"."id" ASC LIMIT 1[0m
